C- HELLO: 1086919437 IA Player
S- HELLO: 438815195 AlphaGo
C- HASH: E4 81 51 C9 C5 F5 8A 73 8F 6F 3C 2B 61 16 7F 98 D0 E5 CB 45 DF 49 FE B0 3E 1B A1 EC B1 E2 1C 8A
S- HASH: BF 01 B9 3A 2C AD D6 09 0D D1 BB 13 DB BD 83 D3 39 DD 8C 42 07 A1 37 4D 57 98 0C 3E 5A 54 2E 45
S- SECRET: 352421192
C- SECRET: 2087533360
S- INSULT: Obtuve esta cicatriz en una batalla a muerte!
C- COMEBACK: Primero deberías dejar de usarla como un plumero.
S- INSULT: ¡Ha llegado tu HORA, palurdo de ocho patas!
C- COMEBACK: Ah, ¿Ya has obtenido ese trabajo de barrendero?
S- SHOUT: ¡He ganado, IA Player!
C- SHOUT: ¡Has ganado, AlphaGo!
C- HASH: 47 F0 4E 08 47 AB 2E E2 11 39 B2 61 31 4D BE 9E DD BE B5 0C AA ED 21 6A D8 B8 E9 2E FE 0E 33 31
S- HASH: 48 2A 1F F8 F8 59 F0 91 79 15 42 8A AB 8B E0 FD 44 51 D9 36 AF 5C 1C BE 9E F1 09 A0 F1 B1 1E F1
S- SECRET: 1619595968
C- SECRET: 1537471030
S- INSULT: Obtuve esta cicatriz en una batalla a muerte!
C- COMEBACK: Estaría acabado si la usases alguna vez.
S- INSULT: ¡Ha llegado tu HORA, palurdo de ocho patas!
C- COMEBACK: Primero deberías dejar de usarla como un plumero.
S- SHOUT: ¡He ganado, IA Player!
C- SHOUT: ¡Has ganado, AlphaGo!
C- HASH: 28 EB 8D E3 83 B9 3B 25 DF 0D 56 DF 02 28 74 E8 7E 51 5F 3F A6 C3 F2 47 8F AE 6A F1 66 4C D2 49
S- HASH: D7 36 B8 6B 86 8B 3B 0C A3 B9 37 30 F8 7A 7B 41 45 5B 4D EC 7E 3D B0 A2 50 F7 81 F4 BD FE 6E 35
S- SECRET: 239797717
C- SECRET: 1331649440
C- INSULT: ¡Llevarás mi espada como si fueras un pincho moruno!
S- COMEBACK: Qué pena me da que nadie haya oído hablar de ti
C- INSULT: ¡Ha llegado tu HORA, palurdo de ocho patas!
S- COMEBACK: Primero deberías dejar de usarla como un plumero.
S- SHOUT: ¡Has ganado, IA Player!
C- SHOUT: ¡He ganado, AlphaGo!
C- HASH: EF 76 AF 1F 15 F6 CD 40 E9 2A 25 BA 8E 65 72 EE DF AC E8 B6 A1 E0 2B C5 00 F0 0D 37 2E 6A 7F 70
S- HASH: EC 72 C6 10 02 84 83 91 7B 10 68 37 AC 26 D7 83 5C 54 2D 19 A8 AE 58 E6 49 C6 98 99 19 E8 70 11
S- SECRET: 139751521
C- SECRET: 1772379732
C- INSULT: Obtuve esta cicatriz en una batalla a muerte!
S- COMEBACK: Espero que ya hayas aprendido a no tocarte la nariz.
S- INSULT: ¡Nadie me ha sacado sangre jamás, y nadie lo hará!
C- COMEBACK: Me haces pensar que alguien ya lo ha hecho.
S- SHOUT: ¡He ganado, IA Player!
C- SHOUT: ¡Has ganado, AlphaGo!
[Connexion closed]