C- HELLO: 88 Albert
S- HELLO: 1919290981 AlphaGo
C- HASH: [121, 2, 105, -101, -28, 44, -118, -114, 70, -5, -69, 69, 1, 114, 101, 23, -24, 107, 34, -59, 106, 24, -97, 118, 37, -90, -38, 73, 8, 27, 36, 81]
S- HASH: [45, 34, 99, -51, 108, -128, -116, 109, -63, 122, -49, -22, -27, -63, 61, -58, -32, -98, 99, 71, 4, -73, -101, 126, 32, -46, 83, -46, -101, -58, 28, 65]
S- SECRET: 7
C- SECRET: 1186502779
C- INSULT: ¡He hablado con simios más educados que tu!
S- COMEBACK: ¿Incluso antes de que huelan tu aliento?
C- INSULT: Obtuve esta cicatriz en una batalla a muerte!
S- COMEBACK: ¿Incluso antes de que huelan tu aliento?
S- SHOUT: ¡Has ganado, Albert!
C- SHOUT: He ganado!
C- HASH: [44, 98, 66, 50, -51, -46, 33, 119, 18, -108, -33, -69, 49, 10, -54, 0, 10, 13, -10, -84, -117, 102, -74, -106, -39, 14, -16, 111, -34, -5, 100, -93]
S- HASH: [-66, 99, -41, -81, -64, 26, 108, 11, -37, -30, -57, -121, 40, 6, -71, 64, -6, -26, -54, 82, 8, -36, 110, -51, -97, -65, 47, -38, 80, 120, 19, -91]
S- SECRET: 8
C- SECRET: 710438535
S- INSULT: ¡Demasiado bobo para mi nivel de inteligencia!
C- COMEBACK: Y yo tengo un SALUDO para ti, ¿Te enteras?
S- INSULT: ¡He hablado con simios más educados que tu!
C- COMEBACK: Y yo tengo un SALUDO para ti, ¿Te enteras?
S- SHOUT: ¡He ganado, Albert!
C- SHOUT: Has ganado!
C- HASH: [113, -18, 69, -93, -64, -37, -102, -104, 101, -9, 49, 61, -45, 55, 44, -10, 13, -54, 100, 121, -44, 98, 97, -13, 84, 46, -71, 52, 110, 74, 4, -42]
S- HASH: [-78, 92, 49, -15, -71, -98, 17, -84, 73, -67, -77, -89, -11, -67, -59, -95, -99, 42, -45, 5, 31, 66, -58, 34, -25, 77, -128, 32, -102, 23, -39, 110]
S- SECRET: 44
C- SECRET: 1666990899
S- INSULT: ¡La gente cae a mis pies al verme llegar!
C- COMEBACK: ¿Por qué? ¿Acaso querías pedir uno prestado?
S- INSULT: ¡La gente cae a mis pies al verme llegar!
C- COMEBACK: Primero deberías dejar de usarla como un plumero.
S- SHOUT: ¡He ganado, Albert!
C- SHOUT: Has ganado!
C- HASH: [-56, 55, 100, -100, -50, 67, -14, 114, -111, 56, -25, 44, -61, 21, 32, 112, 87, -84, -126, 89, -102, 89, -66, 114, 118, 90, 71, 127, 34, -47, 74, 84]
S- HASH: [-36, 64, -42, 71, -10, 42, -14, -115, -105, 103, 23, -10, 46, 77, 9, -71, 86, -116, 109, -54, 50, -115, 86, -106, -52, -30, -44, -20, -96, 8, -117, -58]
S- SECRET: 57
C- SECRET: 887520364
S- INSULT: ¿Has dejado ya de usar pañales?
C- COMEBACK: Qué apropiado, tú peleas como una vaca.
S- INSULT: ¡No hay palabras para describir lo asqueroso que eres!
C- COMEBACK: Y yo tengo un SALUDO para ti, ¿Te enteras?
S- SHOUT: ¡He ganado, Albert!
C- SHOUT: Has ganado!
[Connexion closed]