C- HELLO: 592027362 IA Player
S- HELLO: 305047099 AlphaGo
C- HASH: 7A 82 82 96 B2 68 72 FD 49 5E 08 54 CA FB 19 66 B2 26 AA 74 16 E3 18 BE 95 A7 AC 8A C3 BD 67 3C
S- HASH: 82 67 23 4D 17 AA 49 2C 36 9C ED 80 DF 98 5A 46 CB 4E DC 3E 7F 70 94 0D 51 25 78 AA 40 CA 6E 0D
S- SECRET: 569082452
C- SECRET: 1983657451
C- INSULT: ¡He hablado con simios más educados que tu!
S- COMEBACK: ¿TAN rápido corres?
C- INSULT: Obtuve esta cicatriz en una batalla a muerte!
S- COMEBACK: Ah, ¿Ya has obtenido ese trabajo de barrendero?
S- SHOUT: ¡Has ganado, IA Player!
C- SHOUT: ¡He ganado, AlphaGo!
C- HASH: F9 F2 EE BA 70 14 E1 FA 86 9D F4 A3 CA A7 35 FA 46 86 55 13 70 18 E3 8C 99 C0 7B D1 7C 9E DB D8
S- HASH: C7 E8 BE CE C0 F5 1D 50 FE 22 32 4A 78 6B B3 A5 7F D0 7D 6E CF 25 39 F6 39 10 6C 0D 6F 5B 11 AC
S- SECRET: 436580957
C- SECRET: 1617658565
S- INSULT: ¡Nadie me ha sacado sangre jamás, y nadie lo hará!
C- COMEBACK: ¿TAN rápido corres?
C- INSULT: ¡Nadie me ha sacado sangre jamás, y nadie lo hará!
S- COMEBACK: Estaría acabado si la usases alguna vez.
S- SHOUT: ¡Has ganado, IA Player!
C- SHOUT: ¡He ganado, AlphaGo!
C- HASH: 06 48 B8 BF 9B D2 2A 16 12 10 51 23 00 9C B1 10 C3 F2 87 59 22 41 1F 90 7A 7D 9E B4 F0 6C 89 67
S- HASH: 05 51 17 62 B6 65 27 8F 9A 33 09 31 13 DD 97 27 FE 7F C3 C8 45 80 E0 10 39 A8 EB D1 02 12 86 B0
S- SECRET: 1858918223
C- SECRET: 300911380
C- INSULT: Obtuve esta cicatriz en una batalla a muerte!
S- COMEBACK: Estaría acabado si la usases alguna vez.
C- INSULT: ¡Nadie me ha sacado sangre jamás, y nadie lo hará!
S- COMEBACK: Quería asegurarme de que estuvieras a gusto conmigo.
S- SHOUT: ¡Has ganado, IA Player. Eres tan bueno que podrias luchar contra la Sword Master de la isla Mêlée!
C- SHOUT: ¡He ganado, AlphaGo!
[Connexion closed]