C1- HELLO: 1364413270 IA Player
C2- HELLO: 1203196097 IA Player
C1- HASH: D9 F6 22 7E 26 06 16 F9 A5 0E C1 16 7E BC D2 7F BC 06 AB C0 BD A4 8E 41 55 15 8D 7C 39 4C 6D D5
C2- HASH: 28 9E 25 14 49 09 61 DE 5B 34 98 9D 1A 57 D0 3F F4 88 08 C3 49 5C 1E 24 5A 6B 74 B3 87 DE D4 03
C1- SECRET: 1936186823
C2- SECRET: 199469468
C1- INSULT: Obtuve esta cicatriz en una batalla a muerte!
C2- COMEBACK: Y yo tengo un SALUDO para ti, ¿Te enteras?
C1- INSULT: Obtuve esta cicatriz en una batalla a muerte!
C2- COMEBACK: Me alegra que asistieras a tu reunión familiar diaria.
C1- SHOUT: ¡He ganado, IA Player!
C2- SHOUT: ¡Has ganado, IA Player!
C1- HASH: FF 8E 81 06 88 3F 8B 10 3E 78 06 24 8D 20 FC 63 70 57 B8 21 25 30 D4 0A 28 90 20 B0 6F AD 4E F1
C2- HASH: 54 58 0D F3 8D AE CF 8E 4B BF 73 C6 C0 16 03 6B 53 57 FD BF B7 5E D9 C7 FE DB C0 17 06 9C 0F 63
C1- SECRET: 1129799813
C2- SECRET: 547037238
C1- INSULT: ¡Luchas como un ganadero!
C2- COMEBACK: Ya te están fastidiando otra vez las almorranas, ¿Eh?
C1- INSULT: Obtuve esta cicatriz en una batalla a muerte!
C2- COMEBACK: Ya te están fastidiando otra vez las almorranas, ¿Eh?
C1- SHOUT: ¡He ganado, IA Player!
C2- SHOUT: ¡Has ganado, IA Player!
C1- HASH: EA AA 37 A8 65 7F F9 6F 5A EF FF 91 6B 25 10 43 62 5C 96 2F 42 B3 B3 9C 1D 90 F4 45 DB 25 72 90
C2- HASH: 54 3A 7B AF EE 31 74 D3 D4 95 26 CC F6 9B 6E 38 EA A3 71 F6 F8 59 3C B8 FE DB 6F FA FC 3C 47 4B
C1- SECRET: 1712098008
C2- SECRET: 1905208136
C2- INSULT: ¡No hay palabras para describir lo asqueroso que eres!
C1- COMEBACK: Espero que ya hayas aprendido a no tocarte la nariz.
C2- INSULT: Obtuve esta cicatriz en una batalla a muerte!
C1- COMEBACK: Y yo tengo un SALUDO para ti, ¿Te enteras?
C2- SHOUT: ¡He ganado, IA Player!
C1- SHOUT: ¡Has ganado, IA Player!
C1- HASH: D1 4E 29 BB 72 B8 F6 54 8A 0D 32 13 6C 21 79 63 F8 1E 96 84 DA FC E7 97 27 C8 51 B8 AB 53 BC 14
C2- HASH: A6 27 96 3E 22 61 E0 22 BE F3 0A C8 55 49 0D DA B9 B5 59 5C 88 C4 14 54 EE 2E 4C 4D 57 A7 96 2C
C1- SECRET: 1235461894
C2- SECRET: 832201893
C1- INSULT: Obtuve esta cicatriz en una batalla a muerte!
C2- COMEBACK: Qué apropiado, tú peleas como una vaca.
C1- INSULT: Obtuve esta cicatriz en una batalla a muerte!
C2- COMEBACK: Sí que las hay, sólo que nunca las has aprendido.
C1- SHOUT: ¡He ganado, IA Player!
C2- SHOUT: ¡Has ganado, IA Player!
C1- [Connexion closed]
C2- [Connexion closed]