C1- HELLO: 490311323 IA Player
C2- HELLO: 1950268589 IA Player
C1- HASH: C8 DF 09 49 18 7E B1 1C 6C 2B E3 1E FB 8B 60 A4 33 0F 6A 4C C8 87 A0 F3 1B 2D E9 1F 07 D6 8A A7
C2- HASH: FA 64 F7 80 8C FD 06 75 AB 1C 22 55 40 44 CF 51 DA D9 AB D1 DE E4 80 CD 58 C3 9A F0 50 45 74 71
C1- SECRET: 1454349104
C2- SECRET: 1320418522
C1- INSULT: ¡Nadie me ha sacado sangre jamás, y nadie lo hará!
C2- COMEBACK: ¿TAN rápido corres?
C2- INSULT: ¡Nadie me ha sacado sangre jamás, y nadie lo hará!
C1- COMEBACK: ¿TAN rápido corres?
C1- INSULT: ¡Luchas como un ganadero!
C2- COMEBACK: ¿TAN rápido corres?
C1- SHOUT: ¡He ganado, IA Player!
C2- SHOUT: ¡Has ganado, IA Player!
C1- HASH: 43 BA 63 72 21 83 80 2C 30 8A 6E 0E 40 55 A2 0C 41 9F 86 46 69 C6 BF 43 40 2C 17 E3 C5 80 E7 8B
C2- HASH: 58 E5 01 CB 0D 0A BD C7 B0 9A ED C1 4C 56 40 B6 82 3E 96 D7 81 87 92 EA 65 AB 27 AB 87 19 0A A9
C1- SECRET: 1027719057
C2- SECRET: 1143531078
C2- INSULT: ¡Ha llegado tu HORA, palurdo de ocho patas!
C1- COMEBACK: Qué apropiado, tú peleas como una vaca.
C2- INSULT: ¡Luchas como un ganadero!
C1- COMEBACK: ¿TAN rápido corres?
C2- SHOUT: ¡He ganado, IA Player!
C1- SHOUT: ¡Has ganado, IA Player!
C1- HASH: 2E B8 FC 1B AC 29 8C 86 8D 5E 5D 19 BF 5B F1 E8 A4 BE 85 BE 1F 51 8E 3F 73 EE 76 87 37 CF E3 DD
C2- HASH: D7 08 B9 DA A3 0E 3D D4 E8 F5 E5 B4 06 79 6C 2F E9 AD EE 2C C7 6D 96 F1 2D 74 8D 1D 20 71 D0 33
C1- SECRET: 892124593
C2- SECRET: 110460895
C1- INSULT: ¡Ha llegado tu HORA, palurdo de ocho patas!
C2- COMEBACK: Y yo tengo un SALUDO para ti, ¿Te enteras?
C2- INSULT: ¡Me das ganas de vomitar!
C1- COMEBACK: Qué apropiado, tú peleas como una vaca.
C2- SHOUT: ¡He ganado, IA Player!
C1- SHOUT: ¡Has ganado, IA Player!
C1- HASH: CD 0D 38 0F 08 C6 DA 98 94 24 A5 85 D9 99 24 08 EB 5A C4 26 15 36 04 CA 3C D4 B7 7D D1 CE D9 68
C2- HASH: DB A6 9C C8 B9 6F 83 68 1F 83 5A 44 10 23 1A 31 0E 29 8C 39 AC FC D4 CB A8 58 B7 94 04 33 00 A9
C1- SECRET: 525616540
C2- SECRET: 1697492205
C2- INSULT: ¡Me das ganas de vomitar!
C1- COMEBACK: Qué apropiado, tú peleas como una vaca.
C2- INSULT: ¡Nadie me ha sacado sangre jamás, y nadie lo hará!
C1- COMEBACK: Y yo tengo un SALUDO para ti, ¿Te enteras?
C2- SHOUT: ¡He ganado, IA Player!
C1- SHOUT: ¡Has ganado, IA Player!
C1- [Connexion closed]
C2- [Connexion closed]