C- HELLO: 1550001956 IA Player
S- HELLO: 217539085 AlphaGo
C- HASH: E4 DD 72 23 64 04 7D 92 75 FB 81 59 B4 B2 2C 7C 8D 48 2E 60 82 94 E8 46 EB E5 D6 73 BB 2E A4 54
S- HASH: 08 CB D3 13 64 7C EF AE 17 44 91 71 22 CF A7 88 2E 86 A7 36 03 7A 59 77 7F 06 88 4F EC B8 0A 41
S- SECRET: 1653122138
C- SECRET: 582810299
C- INSULT: ¡Ha llegado tu HORA, palurdo de ocho patas!
S- COMEBACK: Qué pena me da que nadie haya oído hablar de ti
C- INSULT: ¡Ha llegado tu HORA, palurdo de ocho patas!
S- COMEBACK: Qué pena me da que nadie haya oído hablar de ti
S- SHOUT: ¡Has ganado, IA Player!
C- SHOUT: ¡He ganado, AlphaGo!
C- HASH: 63 F9 A3 76 12 AF 5E 8E 40 AC E3 31 CC D3 6F EF 43 5E 68 67 DD 1B 05 EF 8F B3 8F 9C 50 C3 C4 7F
S- HASH: C6 3B 10 43 5D D9 A2 F2 33 73 1C C5 AA 88 F1 AD 2B 38 C4 78 E6 8F A3 7F 1B 40 EC 4F E6 4C F8 D8
S- SECRET: 18315333
C- SECRET: 210863941
S- INSULT: ¡He oído que eres un soplón despreciable!
C- COMEBACK: Y yo tengo un SALUDO para ti, ¿Te enteras?
S- INSULT: ¡Ha llegado tu HORA, palurdo de ocho patas!
C- COMEBACK: Qué pena me da que nadie haya oído hablar de ti
S- SHOUT: ¡He ganado, IA Player!
C- SHOUT: ¡Has ganado, AlphaGo!
C- HASH: 06 01 D7 7B 79 25 12 FE CC 87 FE 66 3D 31 22 BC 30 95 CE BA FA 83 6D B6 D1 87 8B D0 77 45 AE C2
S- HASH: 43 BF C7 2D AE CE B9 09 31 97 1E D1 3F CC E1 B9 B4 87 FF 44 B7 EC F7 0B 45 AF D8 5B E7 EE 0E B4
S- SECRET: 511759063
C- SECRET: 671696654
C- INSULT: ¡Ha llegado tu HORA, palurdo de ocho patas!
S- COMEBACK: ¿TAN rápido corres?
C- INSULT: ¡He oído que eres un soplón despreciable!
S- COMEBACK: Qué pena me da que nadie haya oído hablar de ti
S- INSULT: ¡Ha llegado tu HORA, palurdo de ocho patas!
C- COMEBACK: Y yo tengo un SALUDO para ti, ¿Te enteras?
S- SHOUT: ¡Has ganado, IA Player!
C- SHOUT: ¡He ganado, AlphaGo!
C- HASH: 47 17 F7 FA 1D E1 52 B7 8E 65 1C 22 59 BD 6E 78 46 8D 36 58 A8 AD FD CC CE 0E 80 E3 14 95 BF 1B
S- HASH: FF E8 FD A0 1F A0 3C A9 EE 54 01 B5 C7 E2 AD 0C 61 84 E7 E5 18 CC 3E 45 04 8A 35 34 DD 90 E5 76
S- SECRET: 81129648
C- SECRET: 1712650715
C- INSULT: ¡Mi pañuelo limpiará tu sangre!
S- COMEBACK: ¿TAN rápido corres?
C- INSULT: ¡Luchas como un ganadero!
S- COMEBACK: Y yo tengo un SALUDO para ti, ¿Te enteras?
S- SHOUT: ¡Has ganado, IA Player. Eres tan bueno que podrias luchar contra la Sword Master de la isla Mêlée!
C- SHOUT: ¡He ganado, AlphaGo!
[Connexion closed]