C- HELLO: 12 Qijun
S- HELLO: 1265839367 AlphaGo
C- HASH: [-104, -39, -29, 43, 76, -34, -98, 119, -21, -108, -36, -63, -67, 36, -34, 120, -48, 15, -108, 4, 42, 117, 112, -41, 121, -21, -46, -42, -19, -122, -16, 45]
S- HASH: [-79, -60, -38, -10, -49, 2, 123, 6, -25, 92, 117, 30, 105, 111, -62, 102, -52, 62, -82, 71, -65, -94, -120, -68, -68, -81, -107, -44, -51, 69, -34, -103]
S- SECRET: 720759736
C- SECRET: 82351144
C- INSULT: ¡La gente cae a mis pies al verme llegar!
S- COMEBACK: ¿TAN rápido corres?
C- INSULT: ¡La gente cae a mis pies al verme llegar!
S- COMEBACK: ¿TAN rápido corres?
S- SHOUT: ¡Has ganado, Qijun!
C- SHOUT: ¡He ganado, AlphaGo!
C- HASH: [104, -49, 56, -50, -2, -34, -36, 74, 114, -71, -45, 42, 67, -108, 93, -86, -108, -13, 83, 52, -110, -32, 127, 19, -42, -8, 81, 54, -60, -29, 15, 64]
S- HASH: [-81, 87, 21, 123, 48, -53, 15, -119, 101, -113, 82, 80, 74, 80, -64, -11, 93, -57, -61, -3, 20, 29, -91, 40, 94, -101, 55, -23, 11, -64, 60, -43]
S- SECRET: 349133383
C- SECRET: 1643403044
S- INSULT: ¡Llevarás mi espada como si fueras un pincho moruno!
C- COMEBACK: ¿Incluso antes de que huelan tu aliento?
S- INSULT: ¡Ha llegado tu HORA, palurdo de ocho patas!
C- COMEBACK: ¿Incluso antes de que huelan tu aliento?
S- SHOUT: ¡He ganado, Qijun!
C- SHOUT: ¡Has ganado, AlphaGo!
C- HASH: [-12, 9, 110, 75, -42, -93, -90, -59, -31, -126, -118, 77, 116, -18, 68, 29, -121, -84, -11, -21, -40, 97, -126, 17, 16, -9, 87, 81, -28, 41, -111, 99]
S- HASH: [-93, -76, -60, -116, 106, -52, 87, -113, 81, -121, -88, -70, 14, -31, -128, -90, 27, -74, -96, 40, 127, 65, -94, 29, -109, -113, -113, 58, 27, 39, 99, -52]
S- SECRET: 472849763
C- SECRET: 382804798
S- INSULT: ¡Llevarás mi espada como si fueras un pincho moruno!
C- COMEBACK: ¿Incluso antes de que huelan tu aliento?
S- INSULT: ¡Nadie me ha sacado sangre jamás, y nadie lo hará!
C- COMEBACK: ¿Incluso antes de que huelan tu aliento?
S- SHOUT: ¡He ganado, Qijun!
C- SHOUT: ¡Has ganado, AlphaGo!
C- HASH: [127, -53, 71, -127, -85, 20, -16, -114, 126, 6, 118, 87, -58, 67, 15, -75, 90, -54, -116, 6, -21, -86, -67, -128, 104, 76, 78, -44, 83, 90, -3, 47]
S- HASH: [105, -17, 12, -120, 5, -1, 83, 86, 106, 112, 48, 72, -68, -79, -65, -44, 74, -60, 74, -60, 51, 11, -42, -25, -67, 55, -83, -74, -110, 33, -8, -23]
S- SECRET: 1177711957
C- SECRET: 1309860282
S- INSULT: ¡Ha llegado tu HORA, palurdo de ocho patas!
C- COMEBACK: ¿Incluso antes de que huelan tu aliento?
S- INSULT: ¡Me das ganas de vomitar!
C- COMEBACK: ¿Incluso antes de que huelan tu aliento?
S- SHOUT: ¡He ganado, Qijun!
C- SHOUT: ¡Has ganado, AlphaGo!
C- HELLO: 12 Qijun
S- HELLO: 752287229 AlphaGo
C- HASH: [-9, 45, 31, -49, 69, -9, -62, 60, 16, 45, 32, -2, -3, -34, 29, 49, 107, -118, -108, -7, -118, 35, -106, -73, -118, -3, 14, 127, -14, 47, -18, -83]
S- HASH: [3, 19, -17, 41, 76, 115, 102, -20, 51, -27, -101, -85, 70, 51, 1, -100, -28, 68, 45, 80, -75, -6, 119, -123, 13, 12, 56, -62, -2, 88, -40, -63]
S- SECRET: 880651067
C- SECRET: 1787322281
C- INSULT: ¡La gente cae a mis pies al verme llegar!
S- COMEBACK: Me alegra que asistieras a tu reunión familiar diaria.
C- INSULT: ¡La gente cae a mis pies al verme llegar!
S- COMEBACK: Te habrá enseñado todo lo que sabes.
S- SHOUT: ¡Has ganado, Qijun!
C- SHOUT: ¡He ganado, AlphaGo!
[Connexion closed]