C- HELLO: 760862375 IA Player
S- HELLO: 345209433 AlphaGo
C- HASH: 50 F3 31 F6 F5 8E 00 36 DF 67 C8 2F 66 6B 41 8F 2C 08 6B C0 5E 8F 70 79 39 34 CF 1B D1 DA 84 FE
S- HASH: 1A 4B DC E2 7F 3F 6E F0 D9 3B 4F 43 CF E6 F3 A3 20 41 FA 77 51 65 28 EE 3D 93 27 22 59 59 8C 52
S- SECRET: 946314892
C- SECRET: 1572388589
C- INSULT: ¡He oído que eres un soplón despreciable!
S- COMEBACK: Qué pena me da que nadie haya oído hablar de ti
S- INSULT: ¡He oído que eres un soplón despreciable!
C- COMEBACK: Qué pena me da que nadie haya oído hablar de ti
C- INSULT: ¡He oído que eres un soplón despreciable!
S- COMEBACK: Qué pena me da que nadie haya oído hablar de ti
S- SHOUT: ¡He ganado, IA Player!
C- SHOUT: ¡Has ganado, AlphaGo!
C- HASH: B2 23 28 FC 07 7A E9 AD 98 E0 04 78 A1 1D 6F 66 48 A6 2B F4 4E 23 6D 75 F9 20 2F 7E 9F 97 B5 87
S- HASH: 5D 3E 7A 5F 98 F8 FF 95 EE B9 D6 15 49 44 4B A3 01 A3 7A 06 D1 43 0F 52 5B A2 EB 12 48 61 B8 3F
S- SECRET: 1828508115
C- SECRET: 2084843348
C- INSULT: ¡Me das ganas de vomitar!
S- COMEBACK: Sí que las hay, sólo que nunca las has aprendido.
C- INSULT: ¡He oído que eres un soplón despreciable!
S- COMEBACK: ¿Por qué? ¿Acaso querías pedir uno prestado?
S- SHOUT: ¡Has ganado, IA Player!
C- SHOUT: ¡He ganado, AlphaGo!
C- HASH: C8 EE FC D9 A1 19 24 41 FE 74 28 B0 CA 1F 5F 92 6A 0A 30 2C 8F 78 D0 90 3D 14 F4 C4 02 DA D8 2B
S- HASH: 60 20 A2 DF E7 B6 76 E9 9B 3C C8 82 A7 6E 4D CB D3 7D 2B C9 F7 11 CC 67 80 C3 D0 54 1B 94 C4 0B
S- SECRET: 1243300688
C- SECRET: 847946276
S- INSULT: ¿Has dejado ya de usar pañales?
C- COMEBACK: ¿Por qué? ¿Acaso querías pedir uno prestado?
C- INSULT: ¡He oído que eres un soplón despreciable!
S- COMEBACK: Quería asegurarme de que estuvieras a gusto conmigo.
S- SHOUT: ¡Has ganado, IA Player!
C- SHOUT: ¡He ganado, AlphaGo!
C- HASH: EB 13 2B 60 C0 A6 9D A7 D7 DB CF 20 20 24 19 D9 AE F1 4B A2 A6 9E AE E9 03 83 9E B6 4C EB 5C E1
S- HASH: 15 BF 77 56 E6 01 BA 06 3D 39 33 CF 90 E4 65 1B E8 94 55 6B 55 F9 77 B2 B7 89 2F F3 FF CA 66 10
S- SECRET: 892132027
C- SECRET: 1168890723
S- INSULT: ¡Me das ganas de vomitar!
C- COMEBACK: Qué pena me da que nadie haya oído hablar de ti
S- INSULT: ¡Me das ganas de vomitar!
C- COMEBACK: Sí que las hay, sólo que nunca las has aprendido.
S- SHOUT: ¡He ganado, IA Player!
C- SHOUT: ¡Has ganado, AlphaGo!
C- HASH: 16 97 4D EF B8 1E 81 6D 8B EA D2 4B 02 32 4D CE 30 A2 93 71 20 85 BD 03 A9 CB DD D1 55 74 88 66
S- HASH: 88 A2 C3 9D B6 02 32 97 4E 4D 8D 63 7A 3A 13 E7 20 3E 81 2C 1F EF 57 A4 5E 84 9F 2F 41 D6 E4 8E
S- SECRET: 1518401492
C- SECRET: 1550066240
S- INSULT: ¡He oído que eres un soplón despreciable!
C- COMEBACK: ¿Por qué? ¿Acaso querías pedir uno prestado?
S- INSULT: ¿Has dejado ya de usar pañales?
C- COMEBACK: Qué apropiado, tú peleas como una vaca.
S- SHOUT: ¡He ganado, IA Player!
C- SHOUT: ¡Has ganado, AlphaGo!
[Connexion closed]