C- HELLO: 1604556494 IA Player
S- HELLO: 1053511351 AlphaGo
C- HASH: DC C1 31 5D D3 6C DA FD 31 00 60 3A A1 EB 2C 55 D0 CC 84 E8 1D 6E 61 C0 40 CA B3 5E D0 EC 88 42
S- HASH: 00 76 85 A9 C9 44 0F D3 2A D5 4C C7 B9 8F 03 F4 66 74 16 2E C4 2E 94 0E 19 6B 33 DE 91 91 49 B8
S- SECRET: 1299970636
C- SECRET: 298589207
C- INSULT: ¡He hablado con simios más educados que tu!
S- COMEBACK: Ya te están fastidiando otra vez las almorranas, ¿Eh?
C- INSULT: ¡He hablado con simios más educados que tu!
S- COMEBACK: Estaría acabado si la usases alguna vez.
S- SHOUT: ¡Has ganado, IA Player!
C- SHOUT: ¡He ganado, AlphaGo!
C- HASH: B0 88 DE 31 B1 13 1B 7B DE 75 8C 2B 65 AA 46 6C C9 81 50 78 6F C5 76 5A 74 6F 48 A6 38 B1 87 8F
S- HASH: CE 6D 39 18 1E 9A 2C 25 4B 5C 2F 1E 4D 72 2D 42 F7 32 37 1D 6D 65 0B 9D 0E D4 E9 2F 31 32 74 59
S- SECRET: 388464192
C- SECRET: 829233731
C- INSULT: ¡Mi pañuelo limpiará tu sangre!
S- COMEBACK: Estaría acabado si la usases alguna vez.
C- INSULT: ¡He hablado con simios más educados que tu!
S- COMEBACK: Quería asegurarme de que estuvieras a gusto conmigo.
S- SHOUT: ¡Has ganado, IA Player!
C- SHOUT: ¡He ganado, AlphaGo!
C- HASH: 2F 09 78 53 89 7F 08 BF C1 58 2D C8 D5 B8 F6 16 AE 7E 55 E2 0D 9F C2 04 F2 EF 46 62 96 30 40 F2
S- HASH: 1D 13 C1 14 86 43 F5 DA 72 A0 29 23 B1 51 34 7B 8E 33 FF BE 83 65 12 32 39 E8 F6 6B 3F 65 8E AE
S- SECRET: 316040996
C- SECRET: 229321738
S- INSULT: ¡No pienso aguantar tu insolencia aquí sentado!
C- COMEBACK: Estaría acabado si la usases alguna vez.
S- INSULT: ¡Tienes los modales de un mendigo!
C- COMEBACK: Ya te están fastidiando otra vez las almorranas, ¿Eh?
S- SHOUT: ¡He ganado, IA Player!
C- SHOUT: ¡Has ganado, AlphaGo!
C- HASH: BA 2D C9 6D D6 8F 96 12 15 89 FE E9 F4 6A FA ED 3D C6 1D 4B 96 32 39 6A BC E6 62 1E 18 69 50 88
S- HASH: DA A4 0A D3 F3 D4 07 D0 F3 F3 FE 53 AA 5B 38 03 C4 65 09 42 ED 27 70 5F 90 68 1C 75 E0 87 62 7A
S- SECRET: 54278213
C- SECRET: 1303528923
S- INSULT: ¡He hablado con simios más educados que tu!
C- COMEBACK: Estaría acabado si la usases alguna vez.
S- INSULT: ¡Nadie me ha sacado sangre jamás, y nadie lo hará!
C- COMEBACK: Ah, ¿Ya has obtenido ese trabajo de barrendero?
S- SHOUT: ¡He ganado, IA Player!
C- SHOUT: ¡Has ganado, AlphaGo!
C- HASH: E7 4C CF 39 E3 16 C0 9B 33 88 BC D2 FA A6 C1 7D 0E 45 FE 0F 54 F2 5D 49 93 F5 E6 A7 84 6C A4 83
S- HASH: 95 BA 6A 3C C5 4D A2 2C C3 8C FC 8A 80 D9 8A 22 A0 97 8A BE 94 DD 02 D8 0F 8B 29 C2 21 F5 67 16
S- SECRET: 1751011707
C- SECRET: 1696069844
C- INSULT: ¡He hablado con simios más educados que tu!
S- COMEBACK: ¿TAN rápido corres?
C- INSULT: ¿Has dejado ya de usar pañales?
S- COMEBACK: Me alegra que asistieras a tu reunión familiar diaria.
S- SHOUT: ¡Has ganado, IA Player. Eres tan bueno que podrias luchar contra la Sword Master de la isla Mêlée!
C- SHOUT: ¡He ganado, AlphaGo!
[Connexion closed]