C1- HELLO: 1232 QIJUN
C2- HELLO: 1972290513 IA Player
C1- HASH: 84 93 73 08 55 98 87 36 D2 FF B8 DC 73 67 11 D2 42 AC C4 D4 C1 96 CE C3 1F E1 1E C8 40 3C A0 86
C2- HASH: C6 B2 6C B3 67 FD AF AD 64 59 71 9C AD 18 03 99 F8 06 03 5F ED 4D 0B BE 3E EE B2 5A BA 1D C1 D3
C1- SECRET: 608588157
C2- SECRET: 1506484655
C1- INSULT: ¡Ha llegado tu HORA, palurdo de ocho patas!
C2- COMEBACK: Ya te están fastidiando otra vez las almorranas, ¿Eh?
C1- INSULT: ¡Ha llegado tu HORA, palurdo de ocho patas!
C2- COMEBACK: Ya te están fastidiando otra vez las almorranas, ¿Eh?
C1- SHOUT: ¡He ganado, IA Player!
C2- SHOUT: ¡Has ganado, QIJUN!
C1- HASH: 98 65 EA 20 14 A0 1E B3 5D 3C 0B 30 82 FC 89 47 4D 64 A3 42 24 CB 8B 28 45 BF D0 D5 59 37 2F 58
C2- HASH: 53 96 90 4B 3A 3F BC B4 BF C1 29 A4 74 A3 22 31 BE F9 2C D7 79 75 5B 6F 76 1A 81 8E 26 B4 C7 24
C1- SECRET: 163520752
C2- SECRET: 728379349
C2- INSULT: ¡Ha llegado tu HORA, palurdo de ocho patas!
C1- COMEBACK: Primero deberías dejar de usarla como un plumero.
C2- INSULT: ¡No pienso aguantar tu insolencia aquí sentado!
C1- COMEBACK: Y yo tengo un SALUDO para ti, ¿Te enteras?
C2- SHOUT: ¡He ganado, QIJUN!
C1- SHOUT: ¡Has ganado, IA Player!
C1- HASH: EB 9F A7 91 86 81 12 D5 98 EE A6 39 D6 62 6D 4F 52 DB 5C B4 21 2C F7 D2 15 37 EA 5B B3 EB 9E 71
C2- HASH: 56 2C BF 62 2F D8 B3 8B F6 2A ED 4D BE A5 E0 D6 B3 18 CA 2C DC 90 5A D7 9A D8 37 01 3D 9E D4 70
C1- SECRET: 982095412
C2- SECRET: 740210500
C1- INSULT: ¡Una vez tuve un perro más listo que tu!
C2- COMEBACK: Espero que ya hayas aprendido a no tocarte la nariz.
C1- INSULT: ¡Ha llegado tu HORA, palurdo de ocho patas!
C2- ERROR: ¡Código de operación inválido, marinero de agua dulce! ¡Hasta la vista!