C1- HELLO: 1786242123 IA Player
C2- HELLO: 123 Qijun
C1- HASH: 64 29 2B 69 5C F5 AA 36 C2 29 C9 CE F1 97 D6 24 68 40 5B 9E 35 69 A7 97 72 00 B0 36 85 24 D9 5D
C2- HASH: E8 66 98 B1 15 A0 82 7D 4F 4B 62 F1 5B 77 65 56 83 2A E0 6B 26 58 BD 74 80 8F 99 5B 0E 07 8A 0A
C1- SECRET: 1060928569
C2- SECRET: 1656308596
C1- INSULT: ¡Nadie me ha sacado sangre jamás, y nadie lo hará!
C2- COMEBACK: ¿Incluso antes de que huelan tu aliento?
C1- INSULT: ¡Nadie me ha sacado sangre jamás, y nadie lo hará!
C2- COMEBACK: ¿Incluso antes de que huelan tu aliento?
C1- SHOUT: ¡He ganado, Qijun!
C2- SHOUT: ¡Has ganado, IA Player!
C1- HASH: F5 C8 5E 6A 0C 40 3F C2 B5 92 8C 18 FB CD 69 85 AF 42 30 F8 3E EA FA D6 75 A3 AD 69 A0 58 3D EA
C2- HASH: 06 8E B2 DB DB D7 58 80 89 E1 38 8E 66 0D 8C D3 FC D5 11 11 08 49 28 A9 7F 7B 52 06 35 9F EE F5
C1- SECRET: 710175214
C2- SECRET: 1250027775
C1- INSULT: ¡Nadie me ha sacado sangre jamás, y nadie lo hará!
C2- COMEBACK: ¿Por qué? ¿Acaso querías pedir uno prestado?
C1- INSULT: Obtuve esta cicatriz en una batalla a muerte!
C2- COMEBACK: ¿Por qué? ¿Acaso querías pedir uno prestado?
C1- SHOUT: ¡He ganado, Qijun!
C2- SHOUT: ¡Has ganado, IA Player!
C1- HASH: 06 54 9D B8 FD 13 D6 4A EF 83 8B CA 84 67 DF 7F D0 7E E4 2D B7 7C 1E B6 D6 7F 1F 2C E4 2C 85 7A
C2- HASH: 82 E9 8F 28 07 91 AF 26 2D 7C BF 08 13 D5 C6 E1 77 36 8A FB 73 91 BB 29 76 62 C3 51 41 E9 15 36
C1- SECRET: 1835048750
C2- SECRET: 1068494748
C2- INSULT: ¡La gente cae a mis pies al verme llegar!
C1- COMEBACK: ¿Incluso antes de que huelan tu aliento?
C1- INSULT: ¡Nadie me ha sacado sangre jamás, y nadie lo hará!
C2- COMEBACK: ¿Por qué? ¿Acaso querías pedir uno prestado?
C1- SHOUT: ¡He ganado, Qijun!
C2- SHOUT: ¡Has ganado, IA Player!
C1- [Connexion closed]
