C- HELLO: 84 Albert
S- HELLO: 435384539 AlphaGo
C- HASH: [67, 76, -101, 90, -27, 20, 100, 107, -67, -111, -75, 0, 50, -54, 87, -98, -2, -56, -14, 43, -16, -76, -86, -63, 46, 101, -103, 124, 65, -114, 13, -42]
S- HASH: [55, 17, -21, -99, 104, 60, 56, 39, -23, 48, 107, -45, -30, 6, -49, 67, -108, 46, 102, 82, 58, 14, 26, -88, 107, -38, 114, 82, -83, 15, 60, -70]
S- SECRET: 86
C- SECRET: 756469147
S- INSULT: ¡Una vez tuve un perro más listo que tu!
C- COMEBACK: Me alegra que asistieras a tu reunión familiar diaria.
S- INSULT: ¡Una vez tuve un perro más listo que tu!
C- COMEBACK: Estaría acabado si la usases alguna vez.
S- SHOUT: ¡He ganado, Albert!
C- SHOUT: Has ganado!
C- HASH: [-25, -10, -64, 17, 119, 110, -115, -73, -51, 51, 11, 84, 23, 79, -41, 111, 125, 2, 22, -74, 18, 56, 122, 95, -4, -5, -127, -26, -16, -111, -106, -125]
S- HASH: [5, -93, 84, 34, -80, -78, -58, -109, -24, 8, 52, -106, -100, 46, 7, 46, -9, 65, -83, -62, 50, -21, -10, -67, -50, 78, 120, -53, -78, 73, -63, -35]
S- SECRET: 6
C- SECRET: 1963432540
C- INSULT: ¡Una vez tuve un perro más listo que tu!
S- COMEBACK: Me alegra que asistieras a tu reunión familiar diaria.
C- INSULT: ¡Tienes los modales de un mendigo!
S- COMEBACK: Espero que ya hayas aprendido a no tocarte la nariz.
S- SHOUT: ¡Has ganado, Albert!
C- SHOUT: He ganado!
C- HASH: [57, -6, -98, -63, -112, -18, -25, -74, -12, -33, -15, 16, 13, 99, 67, -31, 9, 24, -48, 68, -57, 94, -84, -113, -98, -102, 37, -106, 23, 63, -128, -55]
S- HASH: [-31, -114, -80, 76, -14, -120, 0, -87, 30, -1, -3, -13, -51, 81, 17, -17, 21, 35, -91, 37, 68, -65, 102, 64, 18, 11, 45, -16, -15, 28, 96, 110]
S- SECRET: 60
C- SECRET: 1059770426
C- INSULT: ¡Tienes los modales de un mendigo!
S- COMEBACK: Espero que ya hayas aprendido a no tocarte la nariz.
C- INSULT: ¡Una vez tuve un perro más listo que tu!
S- COMEBACK: Me alegra que asistieras a tu reunión familiar diaria.
S- SHOUT: ¡Has ganado, Albert!
C- SHOUT: He ganado!
C- HASH: [67, 76, -101, 90, -27, 20, 100, 107, -67, -111, -75, 0, 50, -54, 87, -98, -2, -56, -14, 43, -16, -76, -86, -63, 46, 101, -103, 124, 65, -114, 13, -42]
S- HASH: [119, 101, -88, -33, 116, 113, -85, -87, -49, -126, -10, 27, -80, -25, -110, -54, 91, 74, -46, -69, -70, -97, 72, -119, -31, -18, -93, -24, -3, 15, -34, 63]
S- SECRET: 86
C- SECRET: 122915184
C- INSULT: ¡Una vez tuve un perro más listo que tu!
S- COMEBACK: Sí que las hay, sólo que nunca las has aprendido.
C- INSULT: ¡Una vez tuve un perro más listo que tu!
S- COMEBACK: Estaría acabado si la usases alguna vez.
S- SHOUT: ¡Has ganado, Albert. Eres tan bueno que podrias luchar contra la Sword Master de la isla Mêlée!
C- SHOUT: He ganado!
[Connexion closed]