C- HELLO: 36 Albert
S- HELLO: 1379090492 AlphaGo
C- HASH: [67, 76, -101, 90, -27, 20, 100, 107, -67, -111, -75, 0, 50, -54, 87, -98, -2, -56, -14, 43, -16, -76, -86, -63, 46, 101, -103, 124, 65, -114, 13, -42]
S- HASH: [90, -118, 8, -46, 104, -32, 1, 14, 85, -113, 89, -95, -89, -80, -46, 44, 38, -98, 90, -40, 84, 87, 86, 6, 59, 91, -106, -12, 79, 86, -9, 42]
S- SECRET: 86
C- SECRET: 2097663535
S- INSULT: ¡Nadie me ha sacado sangre jamás, y nadie lo hará!
C- COMEBACK: Te habrá enseñado todo lo que sabes.
S- INSULT: ¡Mi pañuelo limpiará tu sangre!
C- COMEBACK: Espero que ya hayas aprendido a no tocarte la nariz.
S- SHOUT: ¡He ganado, Albert!
C- SHOUT: Has ganado!
C- HASH: [68, -53, 115, 12, 66, 4, -128, -96, 71, 123, 80, 90, -26, -118, -11, 8, -5, -112, -7, 108, -16, -20, 84, -58, -83, 22, -108, -99, -44, 39, -15, 58]
S- HASH: [-31, -46, -84, -95, 77, -12, -69, -18, -87, 120, -105, 34, -85, 95, -119, -48, 27, -17, 85, 53, 56, -72, 126, 29, -55, 108, -36, 63, 94, -68, 37, -102]
S- SECRET: 43
C- SECRET: 1910431793
C- INSULT: ¡Mi pañuelo limpiará tu sangre!
S- COMEBACK: Quería asegurarme de que estuvieras a gusto conmigo.
C- INSULT: ¡Una vez tuve un perro más listo que tu!
S- COMEBACK: Te habrá enseñado todo lo que sabes.
S- INSULT: ¡Tienes los modales de un mendigo!
C- COMEBACK: Quería asegurarme de que estuvieras a gusto conmigo.
S- SHOUT: ¡Has ganado, Albert!
C- SHOUT: He ganado!
C- HASH: [-21, 98, 77, -66, 86, -21, 102, 32, -82, 98, 8, 12, 16, -94, 115, -54, -73, 58, -24, -20, -87, -118, -79, 123, 115, 20, 70, -93, 28, 121, 57, 58]
S- HASH: [-79, 46, -48, 113, -16, -9, 101, 48, 98, -46, 115, -11, -39, 36, 50, -3, -14, -78, -107, 3, -71, 94, -99, -80, 43, -41, -40, -43, 125, -118, 118, 101]
S- SECRET: 74
C- SECRET: 2096708525
S- INSULT: ¡Nadie me ha sacado sangre jamás, y nadie lo hará!
C- COMEBACK: Me haces pensar que alguien ya lo ha hecho.
S- INSULT: ¡No hay palabras para describir lo asqueroso que eres!
C- COMEBACK: Te habrá enseñado todo lo que sabes.
S- SHOUT: ¡He ganado, Albert!
C- SHOUT: Has ganado!
C- HASH: [-21, 98, 77, -66, 86, -21, 102, 32, -82, 98, 8, 12, 16, -94, 115, -54, -73, 58, -24, -20, -87, -118, -79, 123, 115, 20, 70, -93, 28, 121, 57, 58]
S- HASH: [-2, -115, -55, 19, 33, 88, -49, -44, -1, 35, 8, -29, 114, -82, -30, 31, 24, -68, 4, -103, 58, -126, -104, -47, -3, 1, -16, -105, 43, 82, 41, 27]
S- SECRET: 74
C- SECRET: 50035729
S- INSULT: ¡Mi pañuelo limpiará tu sangre!
C- COMEBACK: Te habrá enseñado todo lo que sabes.
S- INSULT: ¡Llevarás mi espada como si fueras un pincho moruno!
C- COMEBACK: Me haces pensar que alguien ya lo ha hecho.
S- SHOUT: ¡He ganado, Albert!
C- SHOUT: Has ganado!
[Connexion closed]