C- HELLO: 123 Qijun
S- HELLO: 185843847 AlphaGo
C- HASH: CF 37 34 15 BF 26 7E 94 21 EC C0 B3 4F 69 E9 DA 9A 38 89 B1 85 3E 11 AB 14 A1 5C 76 3F 6F 98 07
S- HASH: F8 72 5F 4D 94 A7 0E 1D 02 E7 06 F5 EE 51 E7 FF 1C 22 6C A3 DE 58 78 EA A1 22 09 56 4A 94 21 A5
S- SECRET: 106617947
C- SECRET: 1818278684
S- INSULT: ¿Has dejado ya de usar pañales?
C- COMEBACK: Espero que ya hayas aprendido a no tocarte la nariz.
S- INSULT: ¡Me das ganas de vomitar!
C- COMEBACK: Espero que ya hayas aprendido a no tocarte la nariz.
S- SHOUT: ¡He ganado, Qijun!
C- SHOUT: ¡Has ganado, AlphaGo!
C- HASH: 19 EE 3B 6C 12 7D F8 30 61 89 8C 93 8D 18 DB E2 D1 CB 5D 31 BE 11 22 FC D6 D9 B7 89 CB E4 AD 43
S- HASH: 6E 95 54 3C EA B8 C9 6D 40 34 42 8D 8A 68 71 58 92 68 95 76 39 6A 79 96 5F 08 1B 18 3D 66 A6 F3
S- SECRET: 2043062483
C- SECRET: 1841031819
C- INSULT: ¿Has dejado ya de usar pañales?
S- COMEBACK: Me alegra que asistieras a tu reunión familiar diaria.
C- INSULT: ¿Has dejado ya de usar pañales?
S- COMEBACK: Me alegra que asistieras a tu reunión familiar diaria.
S- SHOUT: ¡Has ganado, Qijun!
C- SHOUT: ¡He ganado, AlphaGo!
C- HASH: 91 19 CE 7A AB 5E 2B 0D AE AA 97 5F 9D C3 E8 91 0C F0 7A D5 29 EC 84 AE B8 6A 08 B4 6F D8 D1 2F
S- HASH: CF 24 17 88 5F D7 42 50 40 FC 14 60 93 A8 00 99 AA CB AC 6E D6 58 AB BF 1D C0 5F 76 8C DC 98 5A
S- SECRET: 606732278
C- SECRET: 62504171
S- INSULT: ¡He hablado con simios más educados que tu!
C- COMEBACK: Espero que ya hayas aprendido a no tocarte la nariz.
S- INSULT: ¡Me das ganas de vomitar!
C- COMEBACK: Espero que ya hayas aprendido a no tocarte la nariz.
S- SHOUT: ¡He ganado, Qijun!
C- SHOUT: ¡Has ganado, AlphaGo!
C- HASH: 8F A8 21 04 55 BD A6 C2 B8 C9 90 DF 23 44 26 C8 71 ED 69 C1 BB B3 46 D9 6A 6F 37 16 C0 2D D6 87
S- HASH: FE 02 82 23 6C 4A 58 07 9E 72 C4 9F B8 E6 B0 3E 2B 0F 1E 00 80 A4 F4 6B FC B7 21 5A 11 2D F7 F2
S- SECRET: 45261235
C- SECRET: 1745004697
C- INSULT: ¡Ha llegado tu HORA, palurdo de ocho patas!
S- COMEBACK: Me alegra que asistieras a tu reunión familiar diaria.
C- INSULT: ¡Ha llegado tu HORA, palurdo de ocho patas!
S- COMEBACK: Me haces pensar que alguien ya lo ha hecho.
S- SHOUT: ¡Has ganado, Qijun!
C- SHOUT: ¡He ganado, AlphaGo!
C- HASH: 41 42 17 89 BB FE 81 CD 3E DD 91 FC D3 00 13 1A 04 34 1B A7 5E F7 AD EB 32 A0 10 BF 82 84 8F AD
S- HASH: 47 F2 99 A8 87 85 ED 9C 3F AB 2B FF E5 4A C1 76 E7 0E DB FE DF 8A B4 80 05 9C 88 F5 89 4E 6B AF
S- SECRET: 783759236
C- SECRET: 1544591298
C- INSULT: ¡Ha llegado tu HORA, palurdo de ocho patas!
S- COMEBACK: ¿Incluso antes de que huelan tu aliento?
C- INSULT: ¡Ha llegado tu HORA, palurdo de ocho patas!
S- COMEBACK: ¿Incluso antes de que huelan tu aliento?
S- SHOUT: ¡Has ganado, Qijun. Eres tan bueno que podrias luchar contra la Sword Master de la isla Mêlée!
C- SHOUT: ¡He ganado, AlphaGo!
C- HELLO: 123 Qijun
S- HELLO: 171205886 AlphaGo
C- HASH: DD 87 56 1B 54 2D 0B B2 3D 6A EC 4E E9 6B DD 30 BD 0E C4 68 21 9C 8F 50 80 F5 44 ED 6A 9E 56 C0
S- HASH: D4 9A 34 66 B4 70 51 FA B1 1F 23 C3 6D E0 5A 84 47 A5 67 98 F8 39 FF 65 CA 3C FE 01 3C D2 04 0C
S- SECRET: 168627459
C- SECRET: 328915056
S- INSULT: ¿Has dejado ya de usar pañales?
C- COMEBACK: Espero que ya hayas aprendido a no tocarte la nariz.
S- INSULT: ¿Has dejado ya de usar pañales?
C- COMEBACK: Espero que ya hayas aprendido a no tocarte la nariz.
S- SHOUT: ¡He ganado, Qijun!
C- SHOUT: ¡Has ganado, AlphaGo!
C- HASH: F8 BB 4D 36 40 65 02 43 A8 41 92 0F E9 7B 78 D9 FE 0F 20 F1 07 1C EF F5 5D 00 BD F9 28 06 D4 96
S- HASH: F9 DB 6C DB E4 3C D9 CF 25 98 2E 28 F2 2A C1 7D B6 D6 AB 5F 3A B3 A8 22 E7 4D 89 0C 4B 92 8B 7E
S- SECRET: 192119494
C- SECRET: 1163082034
C- INSULT: ¡Ha llegado tu HORA, palurdo de ocho patas!
S- COMEBACK: ¿Por qué? ¿Acaso querías pedir uno prestado?
C- INSULT: ¡Ha llegado tu HORA, palurdo de ocho patas!
S- COMEBACK: ¿TAN rápido corres?
S- SHOUT: ¡Has ganado, Qijun!
C- SHOUT: ¡He ganado, AlphaGo!
C- HASH: A9 73 26 16 B9 98 58 86 37 17 38 7E 3A AA B7 0F 1F 10 76 72 2C 15 D8 1E 2D 4C E3 0D 1D 2C 52 34
S- HASH: CF 56 44 CD 8C EB 78 CB DB CF 06 46 C8 9B 54 3D 88 65 D1 01 88 3C 3A 7F 32 8D 8F DC 6A 7F 01 91
S- SECRET: 824499651
C- SECRET: 1087113441
C- INSULT: ¡Nadie me ha sacado sangre jamás, y nadie lo hará!
S- COMEBACK: ¿TAN rápido corres?
S- INSULT: ¡Ha llegado tu HORA, palurdo de ocho patas!
C- COMEBACK: Espero que ya hayas aprendido a no tocarte la nariz.
S- SHOUT: ¡He ganado, Qijun!
C- SHOUT: ¡Has ganado, AlphaGo!
C- HASH: 97 CF F5 B7 3B C0 77 88 B8 51 E1 B8 88 79 C4 F5 3B 5A 37 42 7D 3C BD 4D E3 E2 2A 0E 7F FA 50 89
S- HASH: 4E 15 8C 2E A5 16 09 3B 5B 74 67 4A 7F 3E 86 E3 B1 83 D4 38 4C 14 AA A0 DD D6 BD C2 49 47 03 AE
S- SECRET: 647085782
C- SECRET: 1989265102
C- INSULT: ¡La gente cae a mis pies al verme llegar!
S- COMEBACK: Ah, ¿Ya has obtenido ese trabajo de barrendero?
C- INSULT: ¡La gente cae a mis pies al verme llegar!
S- COMEBACK: ¿TAN rápido corres?
S- SHOUT: ¡Has ganado, Qijun!
C- SHOUT: ¡He ganado, AlphaGo!
C- HASH: 81 01 F6 76 C9 5C 8C 69 38 E3 01 03 8D 00 B3 F3 87 83 F1 E6 E3 F0 36 82 81 B9 59 D0 3E 94 BF 61
S- HASH: 72 FA C2 54 2A 2E C5 BB B3 7D 7D BE 7B C7 1C 3F 04 BE 41 34 BE D9 20 74 6A E4 D4 17 5E B1 28 F2
S- SECRET: 1317640941
C- SECRET: 19123645
C- INSULT: ¡La gente cae a mis pies al verme llegar!
S- COMEBACK: ¿TAN rápido corres?
C- INSULT: ¡La gente cae a mis pies al verme llegar!
S- COMEBACK: ¿TAN rápido corres?
S- SHOUT: ¡Has ganado, Qijun. Eres tan bueno que podrias luchar contra la Sword Master de la isla Mêlée!
C- SHOUT: ¡He ganado, AlphaGo!
[Connexion closed]