C- HELLO: 332925768 IA Player
S- HELLO: 676067124 AlphaGo
C- HASH: [103, 88, 23, -107, -49, 111, 53, 100, 7, -59, -121, 87, -37, -24, -63, 15, -16, -83, 31, -114, 72, 113, -96, -63, 91, -4, -76, 9, -23, -21, 91, 17]
S- HASH: [91, -31, -32, 114, -43, -76, 115, 102, -42, 118, 33, 92, 83, 74, 28, -14, 35, 80, -101, 60, -51, -2, 80, -61, -92, -51, -57, -46, 2, -79, -4, 75]
S- SECRET: 1606339544
C- SECRET: 217522120
C- INSULT: ¡Me das ganas de vomitar!
S- COMEBACK: Primero deberías dejar de usarla como un plumero.
C- INSULT: ¡Me das ganas de vomitar!
S- COMEBACK: Primero deberías dejar de usarla como un plumero.
S- SHOUT: ¡Has ganado, IA Player!
C- SHOUT: ¡He ganado, AlphaGo!
C- HASH: [59, -99, 114, 76, -106, 83, 1, 41, -86, -116, 35, 115, -80, 96, -94, 2, 30, 73, 31, 50, 82, 4, -35, 116, -102, -80, 17, 90, -21, 107, 96, -28]
S- HASH: [20, 114, 34, -21, -116, -117, 108, 26, 71, -34, 28, -1, 49, 43, -71, -62, 15, 23, -41, -125, -4, 116, 101, -116, -80, -56, -81, 82, -109, -35, -94, -114]
S- SECRET: 1286452798
C- SECRET: 356906058
C- INSULT: ¡Me das ganas de vomitar!
S- COMEBACK: Sí que las hay, sólo que nunca las has aprendido.
C- INSULT: ¡Me das ganas de vomitar!
S- COMEBACK: Me haces pensar que alguien ya lo ha hecho.
S- INSULT: ¡Me das ganas de vomitar!
C- COMEBACK: Te habrá enseñado todo lo que sabes.
S- SHOUT: ¡He ganado, IA Player!
C- SHOUT: ¡Has ganado, AlphaGo!
C- HASH: [78, -18, 66, 83, -38, -39, -96, 64, 71, -44, -78, -41, -115, 125, 100, 10, 66, -26, -57, -57, -17, 83, 18, -107, 111, 4, -76, 87, -60, 69, -69, -10]
S- HASH: [-100, -75, -85, -17, -98, 26, -43, 83, 18, 19, 112, -108, 51, -59, 101, -42, -97, -27, 89, 12, 47, 122, -36, -9, -2, -8, -49, 3, -101, -19, 70, -47]
S- SECRET: 699631956
C- SECRET: 433326505
S- INSULT: ¡Llevarás mi espada como si fueras un pincho moruno!
C- COMEBACK: Te habrá enseñado todo lo que sabes.
S- INSULT: ¡No hay palabras para describir lo asqueroso que eres!
C- COMEBACK: Me haces pensar que alguien ya lo ha hecho.
S- SHOUT: ¡He ganado, IA Player!
C- SHOUT: ¡Has ganado, AlphaGo!
C- HASH: [-72, -116, -104, 114, 47, 98, 115, -9, -120, -100, -112, 97, 20, -17, 95, -70, -22, -73, 83, 77, -31, -77, 13, 91, 79, 18, 96, -120, -9, 72, 34, -110]
S- HASH: [102, 30, 117, 105, -14, -123, -112, -83, -31, 113, -69, -84, -12, 127, 80, -15, 12, -58, 49, -103, 0, -67, 23, 47, 101, 20, 81, -93, 117, 49, -105, 93]
S- SECRET: 1744005255
C- SECRET: 2033969466
S- INSULT: ¡Nadie me ha sacado sangre jamás, y nadie lo hará!
C- COMEBACK: Primero deberías dejar de usarla como un plumero.
S- INSULT: ¡Llevarás mi espada como si fueras un pincho moruno!
C- COMEBACK: Te habrá enseñado todo lo que sabes.
S- SHOUT: ¡He ganado, IA Player!
C- SHOUT: ¡Has ganado, AlphaGo!
[Connexion closed]