C- HELLO: 607118852 IA Player
S- HELLO: 1231634822 AlphaGo
C- HASH: E3 74 22 2D A3 A0 B4 29 2C 8B A5 FE 45 70 F9 7B E2 19 42 51 61 6D 75 A8 D0 25 C9 E8 11 BE 45 72
S- HASH: 26 51 C6 4A 78 AF 86 0E F7 D7 77 85 B3 23 EA 56 B8 4B FC 42 38 47 A8 58 1E 7F 02 12 6F 7E 95 D7
S- SECRET: 1622934902
C- SECRET: 1532030469
S- INSULT: ¡He oído que eres un soplón despreciable!
C- COMEBACK: ¿Incluso antes de que huelan tu aliento?
S- INSULT: ¡Me das ganas de vomitar!
C- COMEBACK: ¿Incluso antes de que huelan tu aliento?
S- SHOUT: ¡He ganado, IA Player!
C- SHOUT: ¡Has ganado, AlphaGo!
C- HASH: C5 DC 53 BF A9 80 39 C1 E4 A1 B9 00 98 B5 05 89 45 95 F7 1A EB 6C FF 16 4D FE C7 BB D0 E6 0F E7
S- HASH: A7 53 6E 3A DD 6F C6 59 D3 54 08 07 83 83 BA 65 9C B2 AD 8E ED F5 67 C8 AA 15 C7 39 C7 EC 16 D5
S- SECRET: 515119149
C- SECRET: 43407457
C- INSULT: ¡Me das ganas de vomitar!
S- COMEBACK: Me haces pensar que alguien ya lo ha hecho.
S- INSULT: ¡Me das ganas de vomitar!
C- COMEBACK: ¿Incluso antes de que huelan tu aliento?
S- SHOUT: ¡He ganado, IA Player!
C- SHOUT: ¡Has ganado, AlphaGo!
C- HASH: 23 34 A3 30 29 11 3F 54 25 29 34 A0 1A CC 34 A0 1C C2 FC 02 D6 BB 99 DB 43 D6 BB 29 07 0E 94 CA
S- HASH: 53 E9 7B 17 01 54 ED 62 82 9D 7A C5 AC E1 E8 41 93 D1 77 FA 96 27 7A 0E 2E FE 26 D5 50 45 B0 EA
S- SECRET: 572609734
C- SECRET: 2007873005
S- INSULT: ¡Me das ganas de vomitar!
C- COMEBACK: Me haces pensar que alguien ya lo ha hecho.
C- INSULT: Obtuve esta cicatriz en una batalla a muerte!
S- COMEBACK: Primero deberías dejar de usarla como un plumero.
S- SHOUT: ¡Has ganado, IA Player!
C- SHOUT: ¡He ganado, AlphaGo!
C- HASH: CC 96 10 4C 85 C4 58 8E 31 57 A7 CF C3 DC FC F2 F1 BB EE F4 2E FF 71 06 4B E9 F5 53 0A C3 22 FF
S- HASH: BE 85 96 AE FC 72 C5 52 70 FD 3C 58 CF AB FF 91 E3 7A 38 B8 67 4D C1 66 B5 87 9F 60 A6 06 69 E4
S- SECRET: 1409915288
C- SECRET: 279751743
S- INSULT: ¡No pienso aguantar tu insolencia aquí sentado!
C- COMEBACK: Ah, ¿Ya has obtenido ese trabajo de barrendero?
S- INSULT: ¡He oído que eres un soplón despreciable!
C- COMEBACK: Ah, ¿Ya has obtenido ese trabajo de barrendero?
S- SHOUT: ¡He ganado, IA Player!
C- SHOUT: ¡Has ganado, AlphaGo!
[Connexion closed]