C1- HELLO: 12 Qijun
C2- HELLO: 1551107462 IA Player
C1- HASH: BD F9 C1 EB A5 7A 65 AF FD E0 18 A7 C9 5A EE B2 CE 01 8B 59 E7 84 99 24 DE 6C 6A 29 4C C8 54 02
C2- HASH: B2 C6 0A 29 CA 51 EC 67 40 FA 6A B5 65 0F A9 82 91 B6 75 E3 80 AD DD 0E BC B2 4E FB B6 29 E2 F5
C1- SECRET: 1873421355
C2- SECRET: 1839496495
C1- INSULT: ¡He oído que eres un soplón despreciable!
C2- COMEBACK: Y yo tengo un SALUDO para ti, ¿Te enteras?
C1- INSULT: ¡He oído que eres un soplón despreciable!
C2- COMEBACK: Y yo tengo un SALUDO para ti, ¿Te enteras?
C1- SHOUT: ¡He ganado, IA Player!
C2- SHOUT: ¡Has ganado, Qijun!
C1- HASH: 37 0D F6 F4 63 2B 36 26 6F FE 34 EA 5B 52 B8 C3 E8 8E 48 3D 83 20 B2 3A 43 B3 E3 C1 28 F0 39 60
C2- HASH: 6C 7B CC 64 38 23 2F 1C 37 79 17 D2 AC 6C 48 32 30 C8 F6 7D A2 8C F5 E4 D3 8B 27 0C 15 CF 4A 7A
C1- SECRET: 1176972308
C2- SECRET: 876523507
C2- INSULT: ¡He oído que eres un soplón despreciable!
C1- COMEBACK: Primero deberías dejar de usarla como un plumero.
C2- INSULT: ¡No hay palabras para describir lo asqueroso que eres!
C1- [Connexion closed]
C2- ERROR: ¡Me he candado de esperar tus mensajes, mequetrefe! ¡Hasta la vista!
C2- [Connexion closed]