C1- HELLO: 1173752223 IA Player
C2- HELLO: 1548493220 IA Player
C1- HASH: A9 F7 CD 6C 74 CF FF EA 42 BE B8 5F B1 E0 C9 7E AC 3C FB E3 EC 5A B6 2F E2 41 08 D0 6D D2 5D C4
C2- HASH: 6A F4 27 AF 09 53 57 96 B9 81 87 02 AA A8 22 19 A4 B3 D3 86 49 70 9C 1B E8 B4 FB AE C4 BA 89 71
C1- SECRET: 314728099
C2- SECRET: 1712859033
C1- INSULT: ¡He oído que eres un soplón despreciable!
C2- COMEBACK: Ah, ¿Ya has obtenido ese trabajo de barrendero?
C1- INSULT: ¡Demasiado bobo para mi nivel de inteligencia!
C2- COMEBACK: Qué apropiado, tú peleas como una vaca.
C1- SHOUT: ¡He ganado, IA Player!
C2- SHOUT: ¡Has ganado, IA Player!
C1- HASH: 1A 5A 05 34 D6 6E 13 39 4E D3 3C 7D 11 F3 85 0A 62 11 B1 EF 8E 5F E7 14 13 1F 89 7A FE 70 09 AE
C2- HASH: F4 EE A4 F2 8D 71 A9 99 40 DD B5 BD 3A D1 08 F5 D6 BC FE 80 9D 3E 6F B9 05 28 63 B9 36 42 BC ED
C1- SECRET: 1477881465
C2- SECRET: 371806699
C1- INSULT: ¡Demasiado bobo para mi nivel de inteligencia!
C2- COMEBACK: Qué pena me da que nadie haya oído hablar de ti
C1- INSULT: ¡No pienso aguantar tu insolencia aquí sentado!
C2- COMEBACK: Ah, ¿Ya has obtenido ese trabajo de barrendero?
C1- SHOUT: ¡He ganado, IA Player!
C2- SHOUT: ¡Has ganado, IA Player!
C1- HASH: 42 75 C8 07 BB 79 EF C5 66 C5 28 A4 78 90 4F B9 96 82 02 95 E1 89 02 25 AB F0 2B A2 FC F9 8A 7C
C2- HASH: D3 A2 C8 8E 37 35 86 BE 02 1A 2F D5 31 78 CE 95 A4 BC 62 8D A7 F8 01 54 BD 53 81 2F DC F8 AD 73
C1- SECRET: 2011387245
C2- SECRET: 143829977
C1- INSULT: ¡No pienso aguantar tu insolencia aquí sentado!
C2- COMEBACK: ¿Por qué? ¿Acaso querías pedir uno prestado?
C1- INSULT: ¡He oído que eres un soplón despreciable!
C2- COMEBACK: Ah, ¿Ya has obtenido ese trabajo de barrendero?
C1- SHOUT: ¡He ganado, IA Player!
C2- SHOUT: ¡Has ganado, IA Player!
C1- [Connexion closed]
C2- [Connexion closed]