C1- HELLO: 1373840439 IA Player
C2- HELLO: 12 Qijun
C1- HASH: 95 FD 99 2B 2C D9 EB 0D 2F C0 EE 2E 04 4F 06 05 2F A3 DA 4B 00 38 95 D1 B7 E0 22 F4 F3 53 02 15
C2- HASH: 21 37 6E 36 03 60 07 84 42 73 6D 4A 77 B6 75 CA BE 65 13 04 FD 43 D4 44 3E 9D 67 39 C3 21 B1 BB
C1- SECRET: 911199457
C2- SECRET: 1021540716
C1- INSULT: ¿Has dejado ya de usar pañales?
C2- COMEBACK: Primero deberías dejar de usarla como un plumero.
C1- INSULT: ¿Has dejado ya de usar pañales?
C2- COMEBACK: Primero deberías dejar de usarla como un plumero.
C1- SHOUT: ¡He ganado, Qijun!
C2- SHOUT: ¡Has ganado, IA Player!
C1- HASH: 93 CB DE C7 87 49 A7 0D 4E 7B FC 88 9F 1A 98 31 7B 13 6F CF 8F 7C 77 F1 D3 F9 9C 31 C0 7C 05 F3
C2- HASH: F1 2F 3C BB B6 50 34 F6 C4 FD BA 6D 0F 82 CA CB E1 E8 2D D6 E4 7A F1 F4 1A FE 7B E4 59 AA 0C DB
C1- SECRET: 1187250804
C2- SECRET: 2022399877
C1- INSULT: ¡Ha llegado tu HORA, palurdo de ocho patas!
C2- COMEBACK: Primero deberías dejar de usarla como un plumero.
C1- INSULT: ¿Has dejado ya de usar pañales?
C2- [Connexion closed]
C1- ERROR: ¡Código de operación inválido, marinero de agua dulce! ¡Hasta la vista!
C1- [Connexion closed]