C- HELLO: 2141445958 IA Player
S- HELLO: 775968259 AlphaGo
C- HASH: A9 9F B2 E6 58 18 10 B0 81 34 9B 0C E1 E8 6E 91 CD 63 0D 57 F9 86 F4 DC 49 E3 09 8F 1A 57 A2 B9
S- HASH: 74 1F A0 8C 7F 4D AF 1B 8B 1C 9A B6 E4 E1 D7 A8 0C 98 90 19 ED 21 C5 C3 8B B9 01 29 85 B0 B1 4A
S- SECRET: 134512837
C- SECRET: 501096236
C- INSULT: ¡He oído que eres un soplón despreciable!
S- COMEBACK: Ah, ¿Ya has obtenido ese trabajo de barrendero?
C- INSULT: ¡Tienes los modales de un mendigo!
S- COMEBACK: ¿Por qué? ¿Acaso querías pedir uno prestado?
S- SHOUT: ¡Has ganado, IA Player!
C- SHOUT: ¡He ganado, AlphaGo!
C- HASH: CD 9B 84 1C 7C C2 F8 53 D5 EE B3 D1 4A 09 AB 34 6B 40 F8 E0 E7 B3 67 0A 85 5A D2 35 E3 C7 B4 93
S- HASH: 45 1F 05 9B F6 8A F1 F3 AD 9A 73 62 7F EE A4 CD A3 F8 F0 F7 C9 B1 83 59 12 BD 34 D7 61 74 8B D5
S- SECRET: 437756909
C- SECRET: 99562167
S- INSULT: ¡Mi pañuelo limpiará tu sangre!
C- COMEBACK: Qué pena me da que nadie haya oído hablar de ti
S- INSULT: ¿Has dejado ya de usar pañales?
C- COMEBACK: Qué pena me da que nadie haya oído hablar de ti
S- SHOUT: ¡He ganado, IA Player!
C- SHOUT: ¡Has ganado, AlphaGo!
C- HASH: 02 80 AC 82 EF AD A9 DC A0 56 09 4E E1 4E 65 12 37 3C E5 F0 DD 78 EE E4 2F F3 79 B4 97 2E 5B 5E
S- HASH: 96 DC 3B AD A9 A6 7A 9D 81 DB 04 54 88 F4 E2 38 34 B7 F5 61 C2 55 FE 2C 64 51 80 8B 1E E8 34 8A
S- SECRET: 2002753424
C- SECRET: 259591243
C- INSULT: ¡No hay palabras para describir lo asqueroso que eres!
S- COMEBACK: Qué pena me da que nadie haya oído hablar de ti
C- INSULT: ¡Llevarás mi espada como si fueras un pincho moruno!
S- COMEBACK: Ah, ¿Ya has obtenido ese trabajo de barrendero?
S- SHOUT: ¡Has ganado, IA Player!
C- SHOUT: ¡He ganado, AlphaGo!
C- HASH: 07 C8 2F BB D7 92 3E 3D 5D 56 74 9E F5 A6 91 7F C1 E5 47 00 0C B1 E3 5E 3C 52 E8 44 A0 3B 76 80
S- HASH: F5 2A 73 43 C7 C2 84 2B CE 58 D3 94 C7 0C AE F2 3F DE 50 E1 4B 60 DF 64 7B C6 2E 4C 02 9A A2 D2
S- SECRET: 1974669083
C- SECRET: 404247748
C- INSULT: ¡No pienso aguantar tu insolencia aquí sentado!
S- COMEBACK: Te habrá enseñado todo lo que sabes.
C- INSULT: ¡Mi pañuelo limpiará tu sangre!
S- COMEBACK: Te habrá enseñado todo lo que sabes.
S- SHOUT: ¡Has ganado, IA Player. Eres tan bueno que podrias luchar contra la Sword Master de la isla Mêlée!
C- SHOUT: ¡He ganado, AlphaGo!
[Connexion closed]