C1- HELLO: 1 q
C2- HELLO: 4 m
C1- HASH: 49 D1 8C E4 F6 8E 94 A9 85 9D E7 18 B6 3C 6F 85 A0 4B ED 9D 33 17 A5 DE 06 46 FA 11 6A 48 7E F2
C2- HASH: 6F B6 ED 0A 36 BB F5 E1 15 33 EE D5 3A 77 FB 8C EB 8E 6C 0F FC F3 FD 7F E6 33 AE 5B 3F DE 00 78
C1- SECRET: 2027507164
C2- SECRET: 1092952086
C1- INSULT: ¡Me das ganas de vomitar!
C2- COMEBACK: Te habrá enseñado todo lo que sabes.
C1- INSULT: ¡Una vez tuve un perro más listo que tu!
C2- COMEBACK: Sí que las hay, sólo que nunca las has aprendido.
C1- SHOUT: ¡He ganado, m!
C2- SHOUT: ¡Has ganado, q!
C1- HASH: AD B3 3B 76 91 92 B0 32 8B B8 84 CB 44 DC E8 FA 11 8E 8D 3B 6E A2 0E AF 8F 89 A9 8D 60 97 3D 73
C2- HASH: E1 AC FF 5A 71 2E 18 A6 D1 75 54 23 24 7A 14 49 3D 79 B1 DD 7D 01 12 79 34 BD D5 EC 6E 76 F6 E3
C1- SECRET: -1726503178
C2- SECRET: -1726887927
C2- INSULT: ¡Nadie me ha sacado sangre jamás, y nadie lo hará!
C1- COMEBACK: ¿TAN rápido corres?
C1- INSULT: ¡Nadie me ha sacado sangre jamás, y nadie lo hará!
C2- COMEBACK: ¿Incluso antes de que huelan tu aliento?
C1- SHOUT: ¡He ganado, m!
C2- SHOUT: ¡Has ganado, q!
C1- HASH: 92 DB 66 49 5D 9D F6 9B 34 51 17 3A 42 C9 05 1A 9A 3B D0 13 5A 07 04 6C 39 D0 D6 A3 61 AC E7 F4
C2- HASH: 58 47 83 9B 5D 28 6A B9 14 CB BC FB 51 8D F8 3A 5E 42 4B 72 B8 1F AB FC 87 C2 38 89 A5 02 1F 7F
C1- SECRET: -888889499
C2- SECRET: -897353975
C1- INSULT: ¡Me das ganas de vomitar!
C2- COMEBACK: ¿TAN rápido corres?
C1- INSULT: ¿Has dejado ya de usar pañales?
C2- COMEBACK: ¿Por qué? ¿Acaso querías pedir uno prestado?
C2- INSULT: ¡Tienes los modales de un mendigo!
C1- COMEBACK: ¿Incluso antes de que huelan tu aliento?
C2- SHOUT: ¡He ganado, q!
C1- SHOUT: ¡Has ganado, m!
C1- HASH: 82 CA 24 47 B0 8A D5 33 AA F6 7F 6B B6 5E B3 8E 3B DC A4 4D D4 98 55 86 86 80 38 24 C4 04 23 1A
C2- HASH: 71 ED A9 C3 39 9F 04 24 5F 98 FF 22 69 E6 27 78 53 95 AD 52 4B 7E BD 91 D7 D9 F2 4D 91 3E 8A 5F
C1- SECRET: 783244545
C2- SECRET: 767085091
C1- INSULT: ¡La gente cae a mis pies al verme llegar!
C2- COMEBACK: ¿Por qué? ¿Acaso querías pedir uno prestado?
C1- INSULT: ¡No pienso aguantar tu insolencia aquí sentado!
C2- COMEBACK: Me alegra que asistieras a tu reunión familiar diaria.
C1- SHOUT: ¡He ganado, m!
C2- SHOUT: ¡Has ganado, q  Eres tan bueno que podrias luchar contra la Sword Master de la isla Mêlée!
C1- [Connexion closed]
C2- [Connexion closed]