C- HELLO: 897487001 IA Player
S- HELLO: 1184401326 AlphaGo
C- HASH: 40 C2 80 FD 26 F1 06 59 05 E3 61 9B 5A E9 FE F8 7A 5E D7 94 10 9C B9 14 3F 39 2B 67 1E 61 30 64
S- HASH: 46 82 BD 6F DC DC F6 02 8F 18 27 A4 5D 92 B1 BC 08 28 8C 83 55 1C 75 BB 87 6F 9C B3 4C C0 2B 5E
S- SECRET: 1966196726
C- SECRET: 920163247
S- INSULT: ¡No hay palabras para describir lo asqueroso que eres!
C- COMEBACK: Ah, ¿Ya has obtenido ese trabajo de barrendero?
S- INSULT: ¡He oído que eres un soplón despreciable!
C- COMEBACK: Estaría acabado si la usases alguna vez.
S- SHOUT: ¡He ganado, IA Player!
C- SHOUT: ¡Has ganado, AlphaGo!
C- HASH: 64 88 51 C2 5F A1 BB 1B 79 11 67 1B A7 07 93 A9 19 07 03 D4 8F 3D D8 95 BD 40 F5 01 65 87 5F F8
S- HASH: 7F AD EA 3F A9 95 92 37 7D 93 73 7E 18 A4 1A 38 D5 10 6D C9 F8 B5 FC 64 F8 56 77 DB 8E 4F ED 39
S- SECRET: 61366705
C- SECRET: 1421695643
C- INSULT: ¡Ha llegado tu HORA, palurdo de ocho patas!
S- COMEBACK: Qué pena me da que nadie haya oído hablar de ti
C- INSULT: ¡Mi pañuelo limpiará tu sangre!
S- COMEBACK: Qué pena me da que nadie haya oído hablar de ti
S- SHOUT: ¡Has ganado, IA Player!
C- SHOUT: ¡He ganado, AlphaGo!
C- HASH: B9 FF B0 99 A3 5E A6 72 62 41 1E 96 F8 2D 49 AB EE 69 3D C0 E9 8C 28 4A B0 FF D6 C0 76 2F C3 5E
S- HASH: DA 43 02 18 FF 92 07 18 92 9E E3 4A 82 45 8E AA 84 D2 E0 B1 09 40 A9 36 F4 BD 40 DF 71 49 DA D1
S- SECRET: 314164462
C- SECRET: 834971690
C- INSULT: ¡He oído que eres un soplón despreciable!
S- COMEBACK: Ah, ¿Ya has obtenido ese trabajo de barrendero?
C- INSULT: ¡Mi pañuelo limpiará tu sangre!
S- COMEBACK: Ah, ¿Ya has obtenido ese trabajo de barrendero?
S- INSULT: ¡Mi pañuelo limpiará tu sangre!
C- COMEBACK: Ah, ¿Ya has obtenido ese trabajo de barrendero?
S- SHOUT: ¡Has ganado, IA Player!
C- SHOUT: ¡He ganado, AlphaGo!
C- HASH: C2 78 91 7B 6C 9A FC 53 E7 9D 89 04 E2 01 10 A8 5C A2 DC 82 52 DC 7E 9C D4 6F 73 9B D5 8E BF CF
S- HASH: 09 5F 7E 6E 39 14 2A 45 D5 A6 80 B6 9B 6D C4 0A B6 CF 43 88 A3 E5 AF 35 5D 9B 9A 58 05 E0 46 B7
S- SECRET: 561006170
C- SECRET: 565277098
C- INSULT: ¡Mi pañuelo limpiará tu sangre!
S- COMEBACK: Ah, ¿Ya has obtenido ese trabajo de barrendero?
S- INSULT: ¡Llevarás mi espada como si fueras un pincho moruno!
C- COMEBACK: ¿Incluso antes de que huelan tu aliento?
S- SHOUT: ¡He ganado, IA Player!
C- SHOUT: ¡Has ganado, AlphaGo!
C- HASH: CB 4E A2 85 36 F9 92 EC D9 B1 71 6C 23 B4 5D 72 5E 1F B8 D2 84 59 63 9C 4C 6C 82 B4 51 6B 35 0F
S- HASH: 7C 3C 69 C9 0F 63 41 8F 9B 9C 23 49 68 74 05 B1 FC 8C A2 3A 39 39 97 2B 55 01 2F A9 CC E2 AB 35
S- SECRET: 1625077887
C- SECRET: 2090356339
C- INSULT: ¡Demasiado bobo para mi nivel de inteligencia!
S- COMEBACK: Qué pena me da que nadie haya oído hablar de ti
C- INSULT: ¡Demasiado bobo para mi nivel de inteligencia!
S- COMEBACK: Espero que ya hayas aprendido a no tocarte la nariz.
S- SHOUT: ¡Has ganado, IA Player. Eres tan bueno que podrias luchar contra la Sword Master de la isla Mêlée!
C- SHOUT: ¡He ganado, AlphaGo!
[Connexion closed]