C1- HELLO: 123 Qijun
C2- HELLO: 321 qqq
C1- HASH: [-80, -65, -47, 89, -120, 4, 39, 126, 102, 45, -67, 57, 101, -125, 76, 47, 11, 14, -62, -61, 27, -31, 76, 59, 71, -10, -95, -20, 90, 116, 87, 117]
C2- HASH: [-2, 127, 3, 56, -34, -112, -117, 97, -17, 109, 0, -2, 81, 121, 46, 77, -43, -107, 121, -51, -82, 17, -121, 29, -57, -112, -52, -105, -16, 63, 6, 5]
C1- SECRET: 2110114852
C2- SECRET: 1816377673
C2- INSULT: ¡Nadie me ha sacado sangre jamás, y nadie lo hará!
C1- COMEBACK: ¿TAN rápido corres?
C1- INSULT: ¡Nadie me ha sacado sangre jamás, y nadie lo hará!
C2- COMEBACK: ¿Por qué? ¿Acaso querías pedir uno prestado?
C1- SHOUT: ¡He ganado, qqq!
C2- SHOUT: ¡Has ganado, Qijun!
C1- HASH: [-70, 124, -44, 24, 64, 64, -18, -100, -127, 31, 69, -67, 74, 111, 38, 56, -27, -3, -109, 93, 113, 104, 95, 30, -43, -88, 54, 45, 67, -56, -76, 4]
C2- HASH: [-35, -128, -115, -92, -79, 5, -117, -25, -22, -127, 16, 45, -53, 127, 9, -33, 22, -16, -12, -92, -41, -123, 76, -48, 68, -114, -75, 107, -19, -1, -121, 36]
C1- SECRET: 884890398
C2- SECRET: 599439423
C2- INSULT: ¡Nadie me ha sacado sangre jamás, y nadie lo hará!
C1- COMEBACK: Espero que ya hayas aprendido a no tocarte la nariz.
C2- INSULT: ¡Nadie me ha sacado sangre jamás, y nadie lo hará!
C1- COMEBACK: Espero que ya hayas aprendido a no tocarte la nariz.
C2- SHOUT: ¡He ganado, Qijun!
C1- SHOUT: ¡Has ganado, qqq!
C1- HASH: [63, -66, 43, 93, 84, -72, -116, -36, 5, -31, -93, -93, -65, -63, -55, -84, -86, -47, 8, 11, -36, 96, -118, -61, 61, -64, -46, -44, -19, 33, 27, -79]
C2- HASH: [-97, -36, 38, 88, -108, 121, 64, 116, 48, 114, -45, 99, -39, 65, -50, -6, 71, -89, -63, 58, 71, -18, 107, -2, 11, 101, 45, 7, -40, -20, -124, 67]
C1- SECRET: 1606170809
C2- SECRET: 1409905263
C1- INSULT: ¡Nadie me ha sacado sangre jamás, y nadie lo hará!
C2- COMEBACK: Espero que ya hayas aprendido a no tocarte la nariz.
C1- INSULT: ¡Nadie me ha sacado sangre jamás, y nadie lo hará!
C2- COMEBACK: Espero que ya hayas aprendido a no tocarte la nariz.
C1- SHOUT: ¡He ganado, qqq!
C2- SHOUT: ¡Has ganado, Qijun!
C1- HASH: [-125, -114, 117, 124, 19, 104, -42, -44, 54, 53, -54, -91, -68, 39, 40, 46, 66, -27, -105, -59, 116, 95, -66, -98, 8, 83, -104, 99, 106, 73, 126, 76]
C2- HASH: [69, 97, 0, -39, -90, 112, 89, -49, 32, -80, -36, -90, -59, -99, 94, -85, -51, -72, 41, 102, -47, -53, 70, -13, -82, -20, -93, 84, -83, 34, -17, 57]
C1- SECRET: 1457052388
C2- SECRET: 1902794421
C2- INSULT: ¡La gente cae a mis pies al verme llegar!
C1- COMEBACK: Espero que ya hayas aprendido a no tocarte la nariz.
C2- INSULT: ¡La gente cae a mis pies al verme llegar!
C1- COMEBACK: Espero que ya hayas aprendido a no tocarte la nariz.
C2- SHOUT: ¡He ganado, Qijun!
C1- SHOUT: ¡Has ganado, qqq!
C1- HASH: [-4, 62, 47, 52, 103, -112, 29, 55, -117, -13, 28, -102, 93, 86, -123, -128, 34, 121, -49, 42, -111, -18, -42, 73, -119, 40, -103, 55, 127, 58, -24, 23]
C2- HASH: [-63, -16, -54, 26, 13, -55, 24, 112, 110, 26, 105, -22, -125, -33, -76, -57, -90, -31, -122, 17, 45, 72, -120, 39, -28, -30, -110, -47, -69, 90, -72, 40]
C1- SECRET: 384302046
C2- SECRET: 532671603
C2- INSULT: ¡La gente cae a mis pies al verme llegar!
C1- COMEBACK: Espero que ya hayas aprendido a no tocarte la nariz.
C2- INSULT: ¡La gente cae a mis pies al verme llegar!
C1- COMEBACK: Espero que ya hayas aprendido a no tocarte la nariz.
C2- SHOUT: ¡He ganado, Qijun!
C1- SHOUT: ¡Has ganado, qqq!
C1- [Connexion closed]
C2- [Connexion closed]