C1- HELLO: 12 Qijun
C2- HELLO: 1296182680 IA Player
C1- HASH: 04 35 39 DB EC F8 2D 2B FF F7 74 A6 CA 55 D8 C2 6A D4 4F 8C 49 F2 70 EB 5D 30 62 9A 34 D2 E8 B6
C2- HASH: CC DD 6F 17 0F 9B 25 57 76 21 8B EE 2D E4 4D A4 AF A6 0F 3C 54 A7 EB FA A5 B2 D5 89 34 E7 F5 BA
C1- SECRET: 187438889
C2- SECRET: 144935089
C1- INSULT: ¡He hablado con simios más educados que tu!
C2- COMEBACK: Espero que ya hayas aprendido a no tocarte la nariz.
C1- INSULT: ¡He hablado con simios más educados que tu!
C2- COMEBACK: Espero que ya hayas aprendido a no tocarte la nariz.
C1- SHOUT: ¡He ganado, IA Player!
C2- SHOUT: ¡Has ganado, Qijun!
C1- HASH: A1 55 A1 69 88 BB 5C 28 C2 D7 1D 63 FE E9 7F 44 ED 8C 35 D4 01 B6 36 26 D7 FA 4E AC CA CF 8F DA
C2- HASH: 9C 6B 82 00 BF 04 5C 48 D5 95 76 D5 EC 5E C9 F5 C1 C2 31 99 05 E0 21 1F C6 F3 C4 1B BD 71 8B 0C
C1- SECRET: 787690611
C2- SECRET: 1207512250
C2- INSULT: ¡No hay palabras para describir lo asqueroso que eres!
C1- COMEBACK: Espero que ya hayas aprendido a no tocarte la nariz.
C2- INSULT: ¡He hablado con simios más educados que tu!
C1- COMEBACK: Primero deberías dejar de usarla como un plumero.
C2- SHOUT: ¡He ganado, Qijun!
C1- SHOUT: ¡Has ganado, IA Player!
C1- HASH: 89 64 7F 86 F6 06 AF 81 26 14 CD E9 0F 82 13 F9 3A 9D E8 F2 53 D2 80 89 A8 FE DA B1 75 35 9A D7
C2- HASH: B7 F9 3A C0 FC 5F 31 C7 47 C0 8F 71 B1 B7 36 F7 2A C9 AE F8 01 2D AC 9D AB 13 51 FD 61 09 A7 21
C1- SECRET: 951080570
C2- SECRET: 2107544847
C2- INSULT: ¡He oído que eres un soplón despreciable!
C1- COMEBACK: Primero deberías dejar de usarla como un plumero.
C2- INSULT: ¡Me das ganas de vomitar!
C2- EXCEPTIONBroken pipe