C- HELLO: 794162947 IA Player
S- HELLO: 386620711 AlphaGo
C- HASH: [-52, -107, 36, -23, 125, -56, -81, -120, -82, 64, -87, -75, 24, -42, -20, 120, -70, -70, -123, -88, 67, -37, -106, 73, 25, 52, 2, 126, 107, 61, 38, 82]
S- HASH: [-122, 95, -90, 80, -78, -124, -100, 91, 31, 2, 78, -75, -42, -73, 87, -9, 52, 122, 26, -83, 113, 89, -43, 36, -64, 95, -56, 28, 50, -126, 19, -97]
S- SECRET: 1218902201
C- SECRET: 134724029
S- INSULT: ¡Mi pañuelo limpiará tu sangre!
C- COMEBACK: Te habrá enseñado todo lo que sabes.
S- INSULT: ¡He oído que eres un soplón despreciable!
C- COMEBACK: Sí que las hay, sólo que nunca las has aprendido.
S- SHOUT: ¡He ganado, IA Player!
C- SHOUT: ¡Has ganado, AlphaGo!
C- HASH: [112, -37, -92, 24, -53, -52, 93, -47, 6, -14, 24, 63, 77, -16, 47, 89, 55, -11, 114, 127, 10, -86, -105, -121, -96, -66, -27, -41, 3, 77, 120, 59]
S- HASH: [-118, -54, -9, 81, 5, 29, -72, -66, 26, 28, 58, -106, 118, -22, -3, 21, 42, -40, -39, -14, 104, 72, 60, 103, 95, 36, 60, 40, -11, 38, -122, 0]
S- SECRET: 70331178
C- SECRET: 156209650
S- INSULT: Obtuve esta cicatriz en una batalla a muerte!
C- COMEBACK: ¿TAN rápido corres?
S- INSULT: Obtuve esta cicatriz en una batalla a muerte!
C- COMEBACK: ¿TAN rápido corres?
S- SHOUT: ¡He ganado, IA Player!
C- SHOUT: ¡Has ganado, AlphaGo!
C- HASH: [-19, -13, -118, 125, -14, -85, -107, -21, 124, -15, -120, 14, -99, 103, -62, -108, 1, -128, -5, 43, -115, -109, -79, 3, -112, -100, 63, -109, 37, -122, 14, -111]
S- HASH: [46, -106, -50, 98, 112, 70, -24, 6, -105, 1, 103, -22, -46, 94, 120, 117, -95, 44, 53, 25, -77, 89, 103, 93, -53, 1, 80, 72, -94, 61, 59, -16]
S- SECRET: 1121997846
C- SECRET: 24103184
S- INSULT: ¡Mi pañuelo limpiará tu sangre!
C- COMEBACK: Primero deberías dejar de usarla como un plumero.
S- INSULT: ¡He oído que eres un soplón despreciable!
C- COMEBACK: Primero deberías dejar de usarla como un plumero.
S- SHOUT: ¡He ganado, IA Player!
C- SHOUT: ¡Has ganado, AlphaGo!
[Connexion closed]