C1- HELLO: 1721283502 IA Player
C2- HELLO: 1929764109 IA Player
C1- HASH: [-55, 64, 44, -16, 124, 13, -20, -12, 7, 108, 92, -126, 91, -57, -63, 19, 57, -73, 4, 112, 24, 111, 46, 77, -36, -71, 124, -115, -94, 4, -106, 62]
C2- HASH: [0, 21, -83, -97, 17, 4, 63, -128, -42, 11, 23, 104, -6, -114, 82, 125, -55, 117, -9, -59, 126, 11, -33, 11, 85, -41, -7, 82, 78, 54, 40, 88]
C1- SECRET: 1271626046
C2- SECRET: 1130773389
C2- INSULT: ¡Luchas como un ganadero!
C1- COMEBACK: ¿Incluso antes de que huelan tu aliento?
C2- INSULT: ¡Luchas como un ganadero!
C1- COMEBACK: ¿TAN rápido corres?
C2- SHOUT: ¡He ganado, IA Player!
C1- SHOUT: ¡Has ganado, IA Player!
C1- HASH: [-67, -63, 55, -13, 15, -61, 30, 34, 11, 76, -110, 28, 30, -20, -115, -90, 121, 6, 53, -68, 57, 26, -119, -14, -113, 127, 41, -67, 30, 89, -116, -86]
C2- HASH: [-29, -98, -60, 2, 2, -55, 79, 9, 14, -38, 59, -74, -8, -4, 86, 120, -78, -50, 3, -99, 30, 22, -76, -47, -41, -89, 37, 9, 68, 20, 77, 41]
C1- SECRET: 152577814
C2- SECRET: 1783316303
C2- INSULT: ¡Ha llegado tu HORA, palurdo de ocho patas!
C1- COMEBACK: Primero deberías dejar de usarla como un plumero.
C2- INSULT: ¡La gente cae a mis pies al verme llegar!
C1- COMEBACK: ¿Incluso antes de que huelan tu aliento?
C1- INSULT: ¡Nadie me ha sacado sangre jamás, y nadie lo hará!
C2- COMEBACK: Y yo tengo un SALUDO para ti, ¿Te enteras?
C1- SHOUT: ¡He ganado, IA Player!
C2- SHOUT: ¡Has ganado, IA Player!
C1- HASH: [-31, 1, 55, 7, -121, -127, 40, 11, 90, 20, -52, 120, 0, 25, 55, 101, -45, -36, -110, -88, -71, -50, 17, -128, 127, -96, 12, 68, -36, 30, 0, -57]
C2- HASH: [-25, -31, 117, -111, 116, 114, -117, -38, -3, -61, 109, 19, 97, 76, -22, -83, -4, -112, -99, 51, -52, -29, 10, -106, 17, -85, 48, -89, 114, 46, -56, -109]
C1- SECRET: 1426604881
C2- SECRET: 1070776798
C2- INSULT: ¡La gente cae a mis pies al verme llegar!
C1- COMEBACK: ¿TAN rápido corres?
C2- INSULT: ¡La gente cae a mis pies al verme llegar!
C1- COMEBACK: Ah, ¿Ya has obtenido ese trabajo de barrendero?
C2- SHOUT: ¡He ganado, IA Player!
C1- SHOUT: ¡Has ganado, IA Player!
C1- HASH: [116, 101, 60, -7, -11, 93, -51, -80, -71, 116, -30, -99, 127, -42, -28, -84, 92, -34, -55, -8, -50, -100, 31, -44, 43, -105, 15, 60, 24, -115, -24, -104]
C2- HASH: [114, 4, -37, -13, 61, 92, -98, 46, 40, -13, -68, 122, -93, -125, -94, 120, -102, -70, 49, 111, 114, -24, -66, 9, -80, 10, -113, -48, 90, 97, 122, -20]
C1- SECRET: 1895674779
C2- SECRET: 31936377
C1- INSULT: ¡Nadie me ha sacado sangre jamás, y nadie lo hará!
C2- COMEBACK: Primero deberías dejar de usarla como un plumero.
C1- INSULT: ¡La gente cae a mis pies al verme llegar!
C2- COMEBACK: Y yo tengo un SALUDO para ti, ¿Te enteras?
C1- SHOUT: ¡He ganado, IA Player!
C2- SHOUT: ¡Has ganado, IA Player!
C1- HASH: [58, 39, -36, -63, -91, 100, 89, -78, -46, 44, 108, 104, 52, 34, -1, -74, -69, 44, 80, -10, -42, -94, 89, 68, 44, 43, -104, -8, -26, 22, 103, 88]
C2- HASH: [-83, 23, -76, -108, -67, -88, 78, -98, 54, -122, -53, -85, 1, 84, -12, -108, -15, 48, 40, 23, 14, -8, 60, 58, -54, -42, 58, -47, -46, 12, 111, 80]
C1- SECRET: 815765059
C2- SECRET: 930335730
C2- INSULT: ¡No hay palabras para describir lo asqueroso que eres!
C1- COMEBACK: ¿TAN rápido corres?
C2- INSULT: ¡No hay palabras para describir lo asqueroso que eres!
C1- COMEBACK: Y yo tengo un SALUDO para ti, ¿Te enteras?
C2- SHOUT: ¡He ganado, IA Player!
C1- SHOUT: ¡Has ganado, IA Player!
C1- ERROR: ¡Código de operación inválido, marinero de agua dulce! ¡Hasta la vista!