C- HELLO: 953471803 IA Player
S- HELLO: 772751853 AlphaGo
C- HASH: [76, -14, -86, -65, -100, -91, 55, -42, -6, -64, -22, 104, 114, -109, -17, 54, 121, 51, 120, 2, -27, -97, 56, -75, 73, 79, -40, 38, 71, -35, 16, 25]
S- HASH: [5, 40, -50, -56, 47, -48, -120, 117, -63, -47, -109, 119, -70, -39, -69, 52, 62, 93, -40, -90, 61, -90, 8, -3, 61, 102, 61, 3, -107, -91, 32, 44]
S- SECRET: 624130349
C- SECRET: 1352087437
S- INSULT: ¡No pienso aguantar tu insolencia aquí sentado!
C- COMEBACK: Estaría acabado si la usases alguna vez.
S- INSULT: ¡No pienso aguantar tu insolencia aquí sentado!
C- COMEBACK: Estaría acabado si la usases alguna vez.
S- SHOUT: ¡He ganado, IA Player!
C- SHOUT: ¡Has ganado, AlphaGo!
C- HASH: [126, -60, -46, -23, -66, -34, -113, -44, -111, 69, 36, 16, -8, -87, -102, 22, -54, 33, 14, 46, -35, -102, -80, 114, 21, -66, 124, 24, -87, 120, 91, -62]
S- HASH: [-101, -81, -28, 114, 58, -45, 122, 34, 87, -26, -76, -43, -103, 39, 14, 120, -9, 76, -78, -82, -123, 14, -11, -127, 104, 116, 108, 57, -86, 33, -48, -114]
S- SECRET: 98754639
C- SECRET: 1408154816
C- INSULT: ¡Ha llegado tu HORA, palurdo de ocho patas!
S- COMEBACK: Estaría acabado si la usases alguna vez.
C- INSULT: ¡La gente cae a mis pies al verme llegar!
S- COMEBACK: Estaría acabado si la usases alguna vez.
S- SHOUT: ¡Has ganado, IA Player!
C- SHOUT: ¡He ganado, AlphaGo!
C- HASH: [-122, -10, 15, -57, -126, 45, -99, 71, -107, -88, -66, -29, 18, -98, -108, -46, -61, 79, -112, 34, 94, 31, 91, -62, 126, -49, 0, -128, -19, -113, 55, -37]
S- HASH: [37, 45, 87, 79, -123, -62, 1, -16, -99, -53, 22, 36, -66, -116, 49, 3, -125, -44, 8, -93, 90, -106, 1, -111, 126, 5, -17, -92, -72, 15, -67, -82]
S- SECRET: 218777325
C- SECRET: 656218220
C- INSULT: ¡Me das ganas de vomitar!
S- COMEBACK: Ya te están fastidiando otra vez las almorranas, ¿Eh?
C- INSULT: ¡Demasiado bobo para mi nivel de inteligencia!
S- COMEBACK: Estaría acabado si la usases alguna vez.
S- INSULT: ¡Ha llegado tu HORA, palurdo de ocho patas!
C- COMEBACK: Estaría acabado si la usases alguna vez.
S- SHOUT: ¡He ganado, IA Player!
C- SHOUT: ¡Has ganado, AlphaGo!
C- HASH: [-108, 82, 49, -120, 90, -76, -75, 0, 89, 1, 89, -63, 112, 114, -64, 97, 34, 118, -53, 32, 118, 9, 107, -28, 82, -111, -86, -78, 69, -73, 42, 30]
S- HASH: [-64, -84, -15, 84, 104, 67, -18, 116, 95, -32, 50, 10, -56, 95, 119, 65, 55, -128, -15, 40, -119, 80, -96, 21, 50, -45, 87, 87, -73, -89, 69, 91]
S- SECRET: 1883302823
C- SECRET: 1352726953
S- INSULT: ¡Me das ganas de vomitar!
C- COMEBACK: Y yo tengo un SALUDO para ti, ¿Te enteras?
S- INSULT: ¡He hablado con simios más educados que tu!
C- COMEBACK: Me haces pensar que alguien ya lo ha hecho.
S- SHOUT: ¡He ganado, IA Player!
C- SHOUT: ¡Has ganado, AlphaGo!
[Connexion closed]