C- HELLO: 1505475427 IA Player
S- HELLO: 522765630 AlphaGo
C- HASH: [-13, -107, -99, 37, 120, -83, -124, 11, -95, 0, -6, 21, 7, -100, -101, 101, 11, -97, 56, -81, 26, -43, -82, -121, -62, -67, -36, -31, -81, 97, -91, 100]
S- HASH: [-127, 13, -84, -48, -5, 26, -56, -61, 120, -24, -50, -35, -12, 7, 107, 1, 77, -61, 71, 95, 101, -6, 96, 34, -119, -32, 66, -43, 58, -78, -62, -45]
S- SECRET: 2088685245
C- SECRET: 1288646324
C- INSULT: ¿Has dejado ya de usar pañales?
S- COMEBACK: Me haces pensar que alguien ya lo ha hecho.
C- INSULT: ¿Has dejado ya de usar pañales?
S- COMEBACK: Me haces pensar que alguien ya lo ha hecho.
S- SHOUT: ¡Has ganado, IA Player!
C- SHOUT: ¡He ganado, AlphaGo!
C- HASH: [119, -86, -108, 109, 45, 75, 127, 40, -91, -86, -106, 54, -79, 117, 39, 75, 109, -90, -37, 68, -20, -36, 1, -121, 44, 46, 121, 81, 64, 21, 111, 123]
S- HASH: [1, 26, 107, -101, 3, -51, -119, 43, -24, -49, 49, 59, -77, 124, 51, 126, 46, -36, 65, -33, -26, 107, -33, -11, -33, -25, 34, 120, 119, 100, -26, 118]
S- SECRET: 1268141509
C- SECRET: 1006728130
C- INSULT: ¿Has dejado ya de usar pañales?
S- COMEBACK: Me haces pensar que alguien ya lo ha hecho.
C- INSULT: ¿Has dejado ya de usar pañales?
S- COMEBACK: Estaría acabado si la usases alguna vez.
S- SHOUT: ¡Has ganado, IA Player!
C- SHOUT: ¡He ganado, AlphaGo!
C- HASH: [61, 83, -64, -100, -120, 49, -7, -31, 33, 90, -58, -16, 4, 34, -74, 37, -119, -113, 25, 41, -74, -104, 24, 51, 97, -59, 116, 99, 36, -49, -54, 75]
S- HASH: [51, 88, -55, 120, 51, 51, 44, -52, 33, 42, -118, 66, 75, 1, 89, 89, 108, 46, 110, -91, 119, -30, -14, -91, -89, -91, -5, 109, 68, 69, -98, -11]
S- SECRET: 768631698
C- SECRET: 958635579
C- INSULT: ¡Luchas como un ganadero!
S- COMEBACK: ¿TAN rápido corres?
C- INSULT: ¡Luchas como un ganadero!
S- COMEBACK: Me haces pensar que alguien ya lo ha hecho.
S- SHOUT: ¡Has ganado, IA Player. Eres tan bueno que podrias luchar contra la Sword Master de la isla Mêlée!
C- SHOUT: ¡He ganado, AlphaGo!
[Connexion closed]