C1- HELLO: 1598402687 IA Player
C2- HELLO: 156317490 IA Player
C1- HASH: [101, 98, 27, -103, -122, -43, 107, 82, -75, 39, -92, 89, -1, -51, 5, -2, -70, 112, -7, 67, 3, -65, -100, 41, -73, 54, 125, 96, 71, -121, -100, 113]
C2- HASH: [-115, 78, -124, 101, 44, -58, -14, -48, -103, -27, 41, -101, -114, -73, -14, 33, -61, 4, -82, 106, -62, 12, -113, 85, 89, -34, 96, 105, 47, -21, -116, -64]
C1- SECRET: 1556799178
C2- SECRET: 988811789
C1- INSULT: ¡Ha llegado tu HORA, palurdo de ocho patas!
C2- COMEBACK: Espero que ya hayas aprendido a no tocarte la nariz.
C1- INSULT: ¡No hay palabras para describir lo asqueroso que eres!
C2- COMEBACK: Qué apropiado, tú peleas como una vaca.
C1- SHOUT: ¡He ganado, IA Player!
C2- SHOUT: ¡Has ganado, IA Player!
C1- HASH: [-36, -75, 114, -22, -28, -45, -128, 61, -61, -37, 2, 73, 60, -39, -102, -127, 58, 74, -104, -122, 86, -40, 24, -78, -121, -80, -83, -122, -94, -96, 117, 7]
C2- HASH: [38, 92, 85, -98, 107, -69, -47, 34, 99, 113, -115, -52, 88, -38, -70, 63, -106, -29, 37, 19, 4, 8, -90, 80, 46, 126, -30, 97, -14, -29, 92, -11]
C1- SECRET: 208698711
C2- SECRET: 1366456877
C2- INSULT: ¡Luchas como un ganadero!
C1- COMEBACK: Y yo tengo un SALUDO para ti, ¿Te enteras?
C2- INSULT: Obtuve esta cicatriz en una batalla a muerte!
C1- COMEBACK: Te habrá enseñado todo lo que sabes.
C2- SHOUT: ¡He ganado, IA Player!
C1- SHOUT: ¡Has ganado, IA Player!
C1- HASH: [-39, 51, 42, 20, -94, -106, -70, 23, -23, 43, -111, 114, 1, -1, 124, 25, -59, 101, -96, 116, 90, 118, -52, 23, 78, 2, 79, 79, 29, 58, -110, 23]
C2- HASH: [20, -96, 68, -101, 115, 42, 2, -15, -124, -27, -40, -114, -72, -56, -9, -122, 119, -101, -73, 36, -82, -91, -107, 72, -88, 86, 122, -88, 52, 26, 10, 31]
C1- SECRET: 1517273423
C2- SECRET: 1916145209
C2- INSULT: ¡Llevarás mi espada como si fueras un pincho moruno!
C1- COMEBACK: Espero que ya hayas aprendido a no tocarte la nariz.
C2- INSULT: ¡Luchas como un ganadero!
C1- COMEBACK: Espero que ya hayas aprendido a no tocarte la nariz.
C2- SHOUT: ¡He ganado, IA Player!
C1- SHOUT: ¡Has ganado, IA Player!
C1- HASH: [-94, 22, 100, -74, 8, 30, -83, 2, 51, 118, 79, 103, 65, -35, 34, -28, 11, -14, -96, 117, 88, -44, -69, -52, 55, 82, -84, 122, -49, 100, -127, -31]
C2- HASH: [-87, 99, 57, 4, -11, -65, 50, -100, 25, -87, 40, 49, 73, -120, -49, 24, -122, -38, -104, 7, -77, 115, 115, -10, -36, 77, -100, 56, -38, -96, 99, -26]
C1- SECRET: 1976509640
C2- SECRET: 815586877
C1- INSULT: ¡Luchas como un ganadero!
C2- COMEBACK: Primero deberías dejar de usarla como un plumero.
C1- INSULT: ¡Una vez tuve un perro más listo que tu!
C2- COMEBACK: Espero que ya hayas aprendido a no tocarte la nariz.
C1- SHOUT: ¡He ganado, IA Player!
C2- SHOUT: ¡Has ganado, IA Player!
C1- HASH: [-126, -10, -76, 126, -77, 31, -74, -63, -61, 37, 31, -88, 54, -94, 64, 10, 26, 97, 59, -18, -3, 101, -44, -12, -111, 24, -9, 28, 113, -29, 77, -8]
C2- HASH: [64, -64, -17, 26, 8, -40, -30, -5, -20, -50, 20, -96, 75, 44, 112, -22, 93, 52, 119, 48, 89, 3, 31, -52, 120, -118, -51, -53, 1, -99, 71, -85]
C1- SECRET: 3824502
C2- SECRET: 1577856156
C2- INSULT: ¡No hay palabras para describir lo asqueroso que eres!
C1- COMEBACK: Qué apropiado, tú peleas como una vaca.
C2- INSULT: ¡No hay palabras para describir lo asqueroso que eres!
C1- COMEBACK: Espero que ya hayas aprendido a no tocarte la nariz.
C2- SHOUT: ¡He ganado, IA Player!
C1- SHOUT: ¡Has ganado, IA Player!
C1- [Connexion closed]
C2- [Connexion closed]