C1- HELLO: 1695647366 IA Player
C2- HELLO: 384392308 IA Player
C1- HASH: 40 C5 05 CB 5A 3B 3F 7C FF 1E 74 2A 68 08 E6 37 C8 46 5A 11 1C 8D B5 51 66 64 04 47 66 A0 4C 0C
C2- HASH: 8A 38 8F 72 FC 0A 5B AB 09 2A 8A 4D 07 85 A7 F4 F4 2E A1 64 46 FE 5F C6 48 A5 34 17 BF 85 F4 D4
C1- SECRET: 1206740265
C2- SECRET: 1867576589
C2- INSULT: ¡La gente cae a mis pies al verme llegar!
C1- COMEBACK: ¿Por qué? ¿Acaso querías pedir uno prestado?
C2- INSULT: ¡La gente cae a mis pies al verme llegar!
C1- COMEBACK: Y yo tengo un SALUDO para ti, ¿Te enteras?
C2- SHOUT: ¡He ganado, IA Player!
C1- SHOUT: ¡Has ganado, IA Player!
C1- HASH: 48 7F 29 87 5F FF 4F 39 11 8E C3 3A 13 D8 0A 0C 58 F1 98 12 12 8E B7 91 EA E2 8E A6 96 C0 41 A0
C2- HASH: 2D DC C9 6F D8 A4 A4 E3 9D 4E 2C 70 87 FF A4 19 21 31 B8 43 2A 4F EB 7C B4 BE 38 F1 46 03 00 F5
C1- SECRET: 2056702507
C2- SECRET: 1040717784
C1- INSULT: ¿Has dejado ya de usar pañales?
C2- COMEBACK: ¿Incluso antes de que huelan tu aliento?
C1- INSULT: ¿Has dejado ya de usar pañales?
C2- COMEBACK: Qué apropiado, tú peleas como una vaca.
C1- SHOUT: ¡He ganado, IA Player!
C2- SHOUT: ¡Has ganado, IA Player!
C1- HASH: 55 0C 53 63 3B 49 79 92 E2 17 A9 BA E9 0B 3C 2C FB 94 D7 5F CA 8B 94 B1 18 B1 2E B7 4B 2C 8A 39
C2- HASH: F8 F8 38 44 CE 96 88 77 0C A3 23 50 08 73 E5 34 53 A8 0C C7 BB 63 93 D4 42 71 33 FF 76 C5 FD 76
C1- SECRET: 636010035
C2- SECRET: 227125522
C1- INSULT: ¿Has dejado ya de usar pañales?
C2- COMEBACK: Me haces pensar que alguien ya lo ha hecho.
C1- INSULT: ¿Has dejado ya de usar pañales?
C2- COMEBACK: Me haces pensar que alguien ya lo ha hecho.
C1- SHOUT: ¡He ganado, IA Player!
C2- SHOUT: ¡Has ganado, IA Player!
C1- HASH: B1 63 9C 89 E3 48 FD 38 89 5D 5B 9B B4 45 CC CC 5A 75 2F 3C B3 99 2E BF AE 05 33 5C 5B B7 96 17
C2- HASH: FA E9 3B 30 7E EC 57 C7 65 AF A4 92 21 9A 30 B0 DA 05 5B E7 A0 5F A7 AF B5 C9 4A D9 09 32 D7 CE
C1- SECRET: 814030463
C2- SECRET: 1861780287
C2- INSULT: ¡Me das ganas de vomitar!
C1- COMEBACK: Y yo tengo un SALUDO para ti, ¿Te enteras?
C2- INSULT: ¡Me das ganas de vomitar!
C1- COMEBACK: Quería asegurarme de que estuvieras a gusto conmigo.
C2- SHOUT: ¡He ganado, IA Player!
C1- SHOUT: ¡Has ganado, IA Player!
C1- HASH: 1F 39 5E AD 73 7D 47 FB 4C E8 D2 58 2D B9 4A 56 1C 74 90 79 CA 1E AE 04 01 3B 9C 6D 91 33 67 15
C2- HASH: 5D 15 90 3F 46 EE 4C 00 DB DF AE F9 02 35 D5 E0 20 DF 44 C3 03 4C A7 DD AF 86 56 34 D1 86 64 61
C1- SECRET: 130270425
C2- SECRET: 1474640476
C1- INSULT: ¿Has dejado ya de usar pañales?
C2- COMEBACK: Me haces pensar que alguien ya lo ha hecho.
C1- INSULT: ¡La gente cae a mis pies al verme llegar!
C2- COMEBACK: Y yo tengo un SALUDO para ti, ¿Te enteras?
C1- SHOUT: ¡He ganado, IA Player!
C2- SHOUT: ¡Has ganado, IA Player!
C1- [Connexion closed]
C2- [Connexion closed]